2026-04-13 14:31:21.537: [INFO] VisibilityChanged: 0
2026-04-13 14:31:21.670: [INFO] RecordSyncInitDuration has_sync_been_enabled: 0 state: 0
2026-04-13 14:31:21.671: [INFO] RecordSyncInitDuration has_sync_been_enabled: 0 state: 0
2026-04-13 14:31:21.672: [INFO] RecordSyncInitDuration has_sync_been_enabled: 0 state: 0
2026-04-13 14:31:21.672: [INFO] RecordSyncInitDuration has_sync_been_enabled: 0 state: 0
2026-04-13 14:31:21.673: [INFO] RecordSyncInitDuration has_sync_been_enabled: 0 state: 0
2026-04-13 14:31:21.674: [INFO] RecordSyncInitDuration has_sync_been_enabled: 0 state: 0
2026-04-13 14:31:21.674: [INFO] RecordSyncInitDuration has_sync_been_enabled: 0 state: 0
2026-04-13 14:31:21.675: [INFO] RecordSyncInitDuration has_sync_been_enabled: 0 state: 0
2026-04-13 14:31:21.676: [INFO] RecordSyncInitDuration has_sync_been_enabled: 0 state: 0
2026-04-13 14:31:21.677: [INFO] RecordSyncInitDuration has_sync_been_enabled: 0 state: 0
2026-04-13 14:31:21.677: [INFO] RecordSyncInitDuration has_sync_been_enabled: 0 state: 0
2026-04-13 14:31:21.678: [INFO] RecordSyncInitDuration has_sync_been_enabled: 0 state: 0
2026-04-13 14:31:21.699: [INFO] BookmarkModelLoaded, ids_reassigned: 0
2026-04-13 14:31:21.699: [INFO] OnDoneLoading sync enabled: 0
2026-04-13 14:31:21.760: [INFO] RecordSyncInitDuration has_sync_been_enabled: 0 state: 0
2026-04-13 14:31:24.096: [INFO] RecordSyncInitDuration has_sync_been_enabled: 0 state: 3
2026-04-13 14:31:24.100: [INFO] Primary account changed.
2026-04-13 14:31:24.100: [INFO] OnPrimaryAccountChanged PrimaryAccountChangeEvent::Type::kSet
2026-04-13 14:31:24.104: [INFO] RecordSyncInitDuration has_sync_been_enabled: 0 state: 3
2026-04-13 14:31:24.195: [INFO] RecordSyncInitDuration has_sync_been_enabled: 0 state: 3
2026-04-13 14:31:31.005: [INFO] VisibilityChanged: 1
2026-04-13 14:31:31.473: [INFO] BookmarkNodeAdded, ABU: 0
2026-04-13 14:31:31.473: [INFO] BookmarkNodeAdded, ABU: 0
2026-04-13 14:31:31.474: [INFO] BookmarkNodeAdded, ABU: 0
2026-04-13 14:31:31.474: [INFO] BookmarkNodeAdded, ABU: 0
2026-04-13 14:31:31.475: [INFO] BookmarkNodeAdded, ABU: 0
2026-04-13 14:31:31.475: [INFO] BookmarkNodeAdded, ABU: 0
2026-04-13 14:31:31.476: [INFO] BookmarkNodeAdded, ABU: 0
2026-04-13 14:31:31.477: [INFO] BookmarkNodeAdded, ABU: 0
2026-04-13 14:31:31.478: [INFO] BookmarkNodeAdded, ABU: 0
2026-04-13 14:31:31.479: [INFO] BookmarkNodeAdded, ABU: 0
2026-04-13 14:31:31.479: [INFO] BookmarkNodeAdded, ABU: 0
2026-04-13 14:31:31.480: [INFO] BookmarkNodeAdded, ABU: 0
2026-04-13 14:31:31.481: [INFO] BookmarkNodeAdded, ABU: 0
2026-04-13 14:31:31.482: [INFO] BookmarkNodeAdded, ABU: 0
2026-04-13 14:31:31.483: [INFO] BookmarkNodeAdded, ABU: 0
2026-04-13 14:31:31.484: [INFO] BookmarkNodeAdded, ABU: 0
2026-04-13 14:31:31.484: [INFO] BookmarkNodeAdded, ABU: 0
2026-04-13 14:31:31.485: [INFO] BookmarkNodeAdded, ABU: 0
2026-04-13 14:31:31.486: [INFO] BookmarkNodeAdded, ABU: 0
2026-04-13 14:31:31.487: [INFO] BookmarkNodeAdded, ABU: 0
2026-04-13 14:31:31.488: [INFO] BookmarkNodeAdded, ABU: 0
2026-04-13 14:31:31.489: [INFO] BookmarkNodeAdded, ABU: 0
2026-04-13 14:31:31.490: [INFO] BookmarkNodeAdded, ABU: 0
2026-04-13 14:31:31.491: [INFO] BookmarkNodeAdded, ABU: 0
2026-04-13 14:31:31.491: [INFO] BookmarkNodeAdded, ABU: 0
2026-04-13 14:31:31.492: [INFO] BookmarkNodeAdded, ABU: 0
2026-04-13 14:31:31.493: [INFO] BookmarkNodeAdded, ABU: 0
2026-04-13 14:31:31.494: [INFO] BookmarkNodeAdded, ABU: 0
2026-04-13 14:31:31.494: [INFO] BookmarkNodeAdded, ABU: 0
2026-04-13 14:31:31.495: [INFO] BookmarkNodeAdded, ABU: 0
2026-04-13 14:31:31.496: [INFO] BookmarkNodeAdded, ABU: 0
2026-04-13 14:31:31.497: [INFO] BookmarkNodeAdded, ABU: 0
2026-04-13 14:31:31.497: [INFO] BookmarkNodeAdded, ABU: 0
2026-04-13 14:31:31.498: [INFO] BookmarkNodeAdded, ABU: 0
2026-04-13 14:31:31.499: [INFO] BookmarkNodeAdded, ABU: 0
2026-04-13 14:31:31.500: [INFO] BookmarkNodeAdded, ABU: 0
2026-04-13 14:31:31.500: [INFO] BookmarkNodeAdded, ABU: 0
2026-04-13 14:31:31.501: [INFO] BookmarkNodeAdded, ABU: 0
2026-04-13 14:31:31.502: [INFO] BookmarkNodeAdded, ABU: 0
2026-04-13 14:31:31.503: [INFO] BookmarkNodeAdded, ABU: 0
2026-04-13 14:31:31.503: [INFO] BookmarkNodeAdded, ABU: 0
2026-04-13 14:31:31.505: [INFO] BookmarkNodeAdded, ABU: 0
2026-04-13 14:31:31.506: [INFO] BookmarkNodeAdded, ABU: 0
2026-04-13 14:31:31.506: [INFO] BookmarkNodeAdded, ABU: 0
2026-04-13 14:31:31.507: [INFO] BookmarkNodeAdded, ABU: 0
2026-04-13 14:31:31.508: [INFO] BookmarkNodeAdded, ABU: 0
2026-04-13 14:31:31.509: [INFO] BookmarkNodeAdded, ABU: 0
2026-04-13 14:31:31.509: [INFO] BookmarkNodeAdded, ABU: 0
2026-04-13 14:31:31.510: [INFO] BookmarkNodeAdded, ABU: 0
2026-04-13 14:31:31.511: [INFO] BookmarkNodeAdded, ABU: 0
2026-04-13 14:31:31.512: [INFO] BookmarkNodeAdded, ABU: 0
2026-04-13 14:31:31.512: [INFO] BookmarkNodeAdded, ABU: 0
2026-04-13 14:31:31.513: [INFO] BookmarkNodeAdded, ABU: 0
2026-04-13 14:31:31.514: [INFO] BookmarkNodeAdded, ABU: 0
2026-04-13 14:31:31.514: [INFO] BookmarkNodeAdded, ABU: 0
2026-04-13 14:31:31.515: [INFO] BookmarkNodeAdded, ABU: 0
2026-04-13 14:31:31.516: [INFO] BookmarkNodeAdded, ABU: 0
2026-04-13 14:31:31.517: [INFO] BookmarkNodeAdded, ABU: 0
2026-04-13 14:31:31.517: [INFO] BookmarkNodeAdded, ABU: 0
2026-04-13 14:31:31.518: [INFO] BookmarkNodeAdded, ABU: 0
2026-04-13 14:31:31.519: [INFO] BookmarkNodeAdded, ABU: 0
2026-04-13 14:31:31.520: [INFO] BookmarkNodeAdded, ABU: 0
2026-04-13 14:31:31.521: [INFO] BookmarkNodeAdded, ABU: 0
2026-04-13 14:31:31.522: [INFO] BookmarkNodeAdded, ABU: 0
2026-04-13 14:31:31.523: [INFO] BookmarkNodeAdded, ABU: 0
2026-04-13 14:31:31.523: [INFO] BookmarkNodeAdded, ABU: 0
2026-04-13 14:31:31.524: [INFO] BookmarkNodeAdded, ABU: 0
2026-04-13 14:31:31.525: [INFO] BookmarkNodeAdded, ABU: 0
2026-04-13 14:31:31.526: [INFO] BookmarkNodeAdded, ABU: 0
2026-04-13 14:31:31.526: [INFO] BookmarkNodeAdded, ABU: 0
2026-04-13 14:31:31.527: [INFO] BookmarkNodeAdded, ABU: 0
2026-04-13 14:31:31.528: [INFO] BookmarkNodeAdded, ABU: 0
2026-04-13 14:31:31.529: [INFO] BookmarkNodeAdded, ABU: 0
2026-04-13 14:31:31.529: [INFO] BookmarkNodeAdded, ABU: 0
2026-04-13 14:31:31.530: [INFO] BookmarkNodeAdded, ABU: 0
2026-04-13 14:31:31.531: [INFO] BookmarkNodeAdded, ABU: 0
2026-04-13 14:31:31.532: [INFO] BookmarkNodeAdded, ABU: 0
2026-04-13 14:31:31.532: [INFO] BookmarkNodeAdded, ABU: 0
2026-04-13 14:31:31.533: [INFO] BookmarkNodeAdded, ABU: 0
2026-04-13 14:31:31.534: [INFO] BookmarkNodeAdded, ABU: 0
2026-04-13 14:31:31.535: [INFO] BookmarkNodeAdded, ABU: 0
2026-04-13 14:31:31.536: [INFO] BookmarkNodeAdded, ABU: 0
2026-04-13 14:31:31.536: [INFO] BookmarkNodeAdded, ABU: 0
2026-04-13 14:31:31.537: [INFO] BookmarkNodeAdded, ABU: 0
2026-04-13 14:31:31.538: [INFO] BookmarkNodeAdded, ABU: 0
2026-04-13 14:31:31.539: [INFO] BookmarkNodeAdded, ABU: 0
2026-04-13 14:31:31.540: [INFO] BookmarkNodeAdded, ABU: 0
2026-04-13 14:31:31.540: [INFO] BookmarkNodeAdded, ABU: 0
2026-04-13 14:31:31.541: [INFO] BookmarkNodeAdded, ABU: 0
2026-04-13 14:31:37.869: [INFO] Sync initialization duration: 13596ms
2026-04-13 14:32:41.477: [INFO] VisibilityChanged: 0
2026-04-13 14:50:36.427: [INFO] OnDoneLoading sync enabled: 1
2026-04-13 14:50:49.553: [INFO] Sync initialization duration: 3886ms
2026-04-13 14:57:18.239: [INFO] VisibilityChanged: 0
2026-04-14 04:18:57.604: [INFO] OnDoneLoading sync enabled: 0
2026-04-14 04:19:02.273: [INFO] Primary account changed.
2026-04-14 04:19:02.273: [INFO] OnPrimaryAccountChanged PrimaryAccountChangeEvent::Type::kSet
2026-04-14 04:19:17.997: [INFO] Sync initialization duration: 20390ms
