{"logTime": "0413/143142", "correlationVector":"SETPO3Jt6eBL5tqOChfyDX.1","action":"SyncServerConnectionManagerRequest", "result":"SYNC_SERVER_OK", "context":{"environment":"Prod_japanwest_prod-s01-066-apac-japanwest", "migrationStage":"NotStarted", "server":"akswtt11200000w"}}
{"logTime": "0413/143142", "correlationVector":"SETPO3Jt6eBL5tqOChfyDX.2","action":"ProcessGetUpdates", "result":"Done", "context":{"dataType":"History", "deleted":"0", "process_failed_to_decrypt":"0", "process_pending_decryption":"0", "process_success":"250", "total":"250"}}
{"logTime": "0413/143142", "correlationVector":"SETPO3Jt6eBL5tqOChfyDX.3","action":"GetUpdates Response", "result":"Success", "context":Received 250 update(s). cV=SETPO3Jt6eBL5tqOChfyDX.0;server=akswtt11200000w;cloudType=Consumer;environment=Prod_japanwest_prod-s01-066-apac-japanwest;migrationStage=NotStarted Some updates remain.}
{"logTime": "0413/143142", "correlationVector":"ygoKwylq+a0zmoOqFbD9vI","action":"Initial GetUpdates", "result":"", "context":Reason: NEWLY_SUPPORTED_DATATYPE. cV=ygoKwylq+a0zmoOqFbD9vI}
{"logTime": "0413/143143", "correlationVector":"ygoKwylq+a0zmoOqFbD9vI.1","action":"SyncServerConnectionManagerRequest", "result":"SYNC_SERVER_OK", "context":{"environment":"Prod_japanwest_prod-s01-066-apac-japanwest", "migrationStage":"NotStarted", "server":"akswtt11200000l"}}
{"logTime": "0413/143143", "correlationVector":"ygoKwylq+a0zmoOqFbD9vI.2","action":"ProcessGetUpdates", "result":"Done", "context":{"dataType":"History", "deleted":"0", "process_failed_to_decrypt":"0", "process_pending_decryption":"0", "process_success":"250", "total":"250"}}
{"logTime": "0413/143143", "correlationVector":"ygoKwylq+a0zmoOqFbD9vI.3","action":"GetUpdates Response", "result":"Success", "context":Received 250 update(s). cV=ygoKwylq+a0zmoOqFbD9vI.0;server=akswtt11200000l;cloudType=Consumer;environment=Prod_japanwest_prod-s01-066-apac-japanwest;migrationStage=NotStarted Some updates remain.}
{"logTime": "0413/143143", "correlationVector":"Si3QRXr0zZcq8d85RTyXxe","action":"Initial GetUpdates", "result":"", "context":Reason: NEWLY_SUPPORTED_DATATYPE. cV=Si3QRXr0zZcq8d85RTyXxe}
{"logTime": "0413/143144", "correlationVector":"Si3QRXr0zZcq8d85RTyXxe.1","action":"SyncServerConnectionManagerRequest", "result":"SYNC_SERVER_OK", "context":{"environment":"Prod_japanwest_prod-s01-066-apac-japanwest", "migrationStage":"NotStarted", "server":"akswtt112000000"}}
{"logTime": "0413/143144", "correlationVector":"Si3QRXr0zZcq8d85RTyXxe.2","action":"ProcessGetUpdates", "result":"Done", "context":{"dataType":"History", "deleted":"0", "process_failed_to_decrypt":"0", "process_pending_decryption":"0", "process_success":"250", "total":"250"}}
{"logTime": "0413/143144", "correlationVector":"Si3QRXr0zZcq8d85RTyXxe.3","action":"GetUpdates Response", "result":"Success", "context":Received 250 update(s). cV=Si3QRXr0zZcq8d85RTyXxe.0;server=akswtt112000000;cloudType=Consumer;environment=Prod_japanwest_prod-s01-066-apac-japanwest;migrationStage=NotStarted Some updates remain.}
{"logTime": "0413/143144", "correlationVector":"4KZ9vUQhovrPIIgRavPOFv","action":"Initial GetUpdates", "result":"", "context":Reason: NEWLY_SUPPORTED_DATATYPE. cV=4KZ9vUQhovrPIIgRavPOFv}
{"logTime": "0413/143146", "correlationVector":"4KZ9vUQhovrPIIgRavPOFv.1","action":"SyncServerConnectionManagerRequest", "result":"SYNC_SERVER_OK", "context":{"environment":"Prod_japanwest_prod-s01-066-apac-japanwest", "migrationStage":"NotStarted", "server":"akswtt112000001"}}
{"logTime": "0413/143146", "correlationVector":"4KZ9vUQhovrPIIgRavPOFv.2","action":"ProcessGetUpdates", "result":"Done", "context":{"dataType":"History", "deleted":"0", "process_failed_to_decrypt":"0", "process_pending_decryption":"0", "process_success":"250", "total":"250"}}
{"logTime": "0413/143146", "correlationVector":"4KZ9vUQhovrPIIgRavPOFv.3","action":"GetUpdates Response", "result":"Success", "context":Received 250 update(s). cV=4KZ9vUQhovrPIIgRavPOFv.0;server=akswtt112000001;cloudType=Consumer;environment=Prod_japanwest_prod-s01-066-apac-japanwest;migrationStage=NotStarted Some updates remain.}
{"logTime": "0413/143146", "correlationVector":"gZxav/0liWzIOVVcHN+n7P","action":"Initial GetUpdates", "result":"", "context":Reason: NEWLY_SUPPORTED_DATATYPE. cV=gZxav/0liWzIOVVcHN+n7P}
{"logTime": "0413/143147", "correlationVector":"gZxav/0liWzIOVVcHN+n7P.1","action":"SyncServerConnectionManagerRequest", "result":"SYNC_SERVER_OK", "context":{"environment":"Prod_japanwest_prod-s01-066-apac-japanwest", "migrationStage":"NotStarted", "server":"akswtt11200000o"}}
{"logTime": "0413/143147", "correlationVector":"gZxav/0liWzIOVVcHN+n7P.2","action":"ProcessGetUpdates", "result":"Done", "context":{"dataType":"History", "deleted":"0", "process_failed_to_decrypt":"0", "process_pending_decryption":"0", "process_success":"250", "total":"250"}}
{"logTime": "0413/143147", "correlationVector":"gZxav/0liWzIOVVcHN+n7P.3","action":"GetUpdates Response", "result":"Success", "context":Received 250 update(s). cV=gZxav/0liWzIOVVcHN+n7P.0;server=akswtt11200000o;cloudType=Consumer;environment=Prod_japanwest_prod-s01-066-apac-japanwest;migrationStage=NotStarted Some updates remain.}
{"logTime": "0413/143147", "correlationVector":"bFSWVifyxYfWN+l43Ol6nu","action":"Initial GetUpdates", "result":"", "context":Reason: NEWLY_SUPPORTED_DATATYPE. cV=bFSWVifyxYfWN+l43Ol6nu}
{"logTime": "0413/143148", "correlationVector":"bFSWVifyxYfWN+l43Ol6nu.1","action":"SyncServerConnectionManagerRequest", "result":"SYNC_SERVER_OK", "context":{"environment":"Prod_japanwest_prod-s01-066-apac-japanwest", "migrationStage":"NotStarted", "server":"akswtt11200000k"}}
{"logTime": "0413/143148", "correlationVector":"bFSWVifyxYfWN+l43Ol6nu.2","action":"ProcessGetUpdates", "result":"Done", "context":{"dataType":"History", "deleted":"0", "process_failed_to_decrypt":"0", "process_pending_decryption":"0", "process_success":"250", "total":"250"}}
{"logTime": "0413/143148", "correlationVector":"bFSWVifyxYfWN+l43Ol6nu.3","action":"GetUpdates Response", "result":"Success", "context":Received 250 update(s). cV=bFSWVifyxYfWN+l43Ol6nu.0;server=akswtt11200000k;cloudType=Consumer;environment=Prod_japanwest_prod-s01-066-apac-japanwest;migrationStage=NotStarted Some updates remain.}
{"logTime": "0413/143148", "correlationVector":"O9app/+Gxbv/CjQgzJDgSp","action":"Initial GetUpdates", "result":"", "context":Reason: NEWLY_SUPPORTED_DATATYPE. cV=O9app/+Gxbv/CjQgzJDgSp}
{"logTime": "0413/143148", "correlationVector":"O9app/+Gxbv/CjQgzJDgSp.1","action":"SyncServerConnectionManagerRequest", "result":"SYNC_SERVER_OK", "context":{"environment":"Prod_japanwest_prod-s01-066-apac-japanwest", "migrationStage":"NotStarted", "server":"akswtt112000008"}}
{"logTime": "0413/143148", "correlationVector":"O9app/+Gxbv/CjQgzJDgSp.2","action":"ProcessGetUpdates", "result":"Done", "context":{"dataType":"History", "deleted":"0", "process_failed_to_decrypt":"0", "process_pending_decryption":"0", "process_success":"56", "total":"56"}}
{"logTime": "0413/143148", "correlationVector":"O9app/+Gxbv/CjQgzJDgSp.3","action":"GetUpdates Response", "result":"Success", "context":Received 56 update(s). cV=O9app/+Gxbv/CjQgzJDgSp.0;server=akswtt112000008;cloudType=Consumer;environment=Prod_japanwest_prod-s01-066-apac-japanwest;migrationStage=NotStarted}
{"logTime": "0413/143148", "correlationVector":"QdZdGcnSbcQtrgbzwcUQbJ","action":"Normal GetUpdate request", "result":"", "context":cV=QdZdGcnSbcQtrgbzwcUQbJ
Nudged types: Preferences, Passwords, Sessions, Device Info, User Consents, History
Refresh requested types: Bookmarks, Preferences, Passwords, Autofill Profiles, Autofill, Extensions, Sessions, Extension settings, History Delete Directives, Device Info, User Consents, Send Tab To Self, Web Apps, History, Saved Tab Group, WebAuthn Credentials, Collection, Edge E Drop, Edge Hub App Usage, Edge Wallet, Edge Workspace, Encryption Keys}
{"logTime": "0413/143149", "correlationVector":"QdZdGcnSbcQtrgbzwcUQbJ.1","action":"SyncServerConnectionManagerRequest", "result":"SYNC_SERVER_OK", "context":{"environment":"Prod_japanwest_prod-s01-066-apac-japanwest", "migrationStage":"NotStarted", "server":"akswtt11200000x"}}
{"logTime": "0413/143149", "correlationVector":"QdZdGcnSbcQtrgbzwcUQbJ.2","action":"GetUpdates Response", "result":"Success", "context":Received 0 update(s). cV=QdZdGcnSbcQtrgbzwcUQbJ.0;server=akswtt11200000x;cloudType=Consumer;environment=Prod_japanwest_prod-s01-066-apac-japanwest;migrationStage=NotStarted}
{"logTime": "0413/143149", "correlationVector":"A/Rd2m2tvbRpRexafBnLH7","action":"Commit Request", "result":"", "context":Item count: 40
Contributing types: Passwords}
{"logTime": "0413/143158", "correlationVector":"A/Rd2m2tvbRpRexafBnLH7.1","action":"SyncServerConnectionManagerRequest", "result":"SYNC_SERVER_OK", "context":{"environment":"Prod_japanwest_prod-s01-066-apac-japanwest", "migrationStage":"NotStarted", "server":"akswtt112000008"}}
{"logTime": "0413/143158", "correlationVector":"A/Rd2m2tvbRpRexafBnLH7.2","action":"Commit Response", "result":"Success", "context":Result: Success. cV=A/Rd2m2tvbRpRexafBnLH7.0;server=akswtt112000008;cloudType=Consumer;environment=Prod_japanwest_prod-s01-066-apac-japanwest;migrationStage=NotStarted}
{"logTime": "0413/143158", "correlationVector":"LA/0zSOEGKAUuLOcTiNuCH","action":"Commit Request", "result":"", "context":Item count: 40
Contributing types: Passwords}
{"logTime": "0413/143207", "correlationVector":"LA/0zSOEGKAUuLOcTiNuCH.1","action":"SyncServerConnectionManagerRequest", "result":"SYNC_SERVER_OK", "context":{"environment":"Prod_japanwest_prod-s01-066-apac-japanwest", "migrationStage":"NotStarted", "server":"akswtt11200000n"}}
{"logTime": "0413/143207", "correlationVector":"LA/0zSOEGKAUuLOcTiNuCH.2","action":"Commit Response", "result":"Success", "context":Result: Success. cV=LA/0zSOEGKAUuLOcTiNuCH.0;server=akswtt11200000n;cloudType=Consumer;environment=Prod_japanwest_prod-s01-066-apac-japanwest;migrationStage=NotStarted}
{"logTime": "0413/143207", "correlationVector":"edtNWez3zLcz7mj23/lck/","action":"Commit Request", "result":"", "context":Item count: 40
Contributing types: Passwords}
{"logTime": "0413/143235", "correlationVector":"edtNWez3zLcz7mj23/lck/.0","action":"SyncServerConnectionManagerRequest", "result":"SYNC_SERVER_ERROR", "context":{"environment":"", "error_type":"http_status_code", "error_value":"503", "migrationStage":"", "server":""}}
{"logTime": "0413/143235", "correlationVector":"edtNWez3zLcz7mj23/lck/.1","action":"Commit Response", "result":"HTTP error (503)", "context":Result: HTTP error (503). }
{"logTime": "0413/145047", "correlationVector":"9shmfrJbnRxqPT5SsK656U.1","action":"SyncServerConnectionManagerRequest", "result":"SYNC_SERVER_OK", "context":{"environment":"Prod_japanwest_prod-s01-066-apac-japanwest", "migrationStage":"NotStarted", "server":"akswtt11200000t"}}
{"logTime": "0413/145047", "correlationVector":"9shmfrJbnRxqPT5SsK656U.2","action":"ProcessGetUpdates", "result":"Done", "context":{"dataType":"Encryption Keys", "deleted":"0", "process_failed_to_decrypt":"0", "process_pending_decryption":"0", "process_success":"1", "total":"1"}}
{"logTime": "0413/145048", "correlationVector":"CydP0hY4ZqKXbBVp8rEsUT","action":"SyncServerConnectionManagerRequest", "result":"SYNC_SERVER_OK", "context":{"environment":"", "migrationStage":"", "server":""}}
{"logTime": "0413/145048", "correlationVector":"CydP0hY4ZqKXbBVp8rEsUT.0","action":"EncryptionKeysFetcher.DownloadKeys:", "result":"Success", "context":Key count: 10, Last key timestamp: 2026-01-05T08:23:37Z}
{"logTime": "0413/145048", "correlationVector":"CydP0hY4ZqKXbBVp8rEsUT.1","action":"EncryptionKeysManager::SetEncryptionKeys:", "result":"Success", "context":Key names[10]:[aOlnhsMGoSxkkNem0Yuuh9KS/3IkovxoeNgNZPcKsiKr/lSAd4MpNppcG6yG3gnSvsc6arYbXAZDJT4/MdoWKg==][O74o3Jcc57uhr7iq9rxzkfly4tlVTjaDYFMUo0XLPzost5WsggcyBG2Q4uOwtEFOyJ7TyBA8f3YpG4P8SsCM0A==][FZ3AwcYD32U+BR1my8HpUu0L3edQZsij+MtCItjffISExnm+mRZvJY9VIHSAovk59msLIVTD78wBtOC9M5y02g==][gWYtqAL4N60CXbh9cJu3iUdGbuO8urY3npmriITPz3/K14SwKr3iB7tceWchqM+B9OOiNV9yaXI3HIdHmrvrnw==][h7PsmFXBjRrJbApUV67XBpeWMWF5fABFvT5G0P8HjymbkANwJ4xXYVcK2b8JFOYLjk02i35h/XBRqxaVyGoA8A==][vvbiec2lYoh/KI7ZUvjKc+XKdneaoVg4Y5JEILh+XwrXDHXzEz1Ry4WS6R2kG4lwDezJDyd/Mxw4GNphBvBwww==][IVH4jghKUO8DbYOUnxiF7YRfMzVvm2r46M6UfOALup5iuBYPfyxrvC9260UpVJZrST+hMbro/AH7WJqLP53mlw==][FYExiAJbmbyK5dSagivD6mpIAHgyclDcvEUDKgP1AqOKrUs1fShHPB60TBfjkXZEfEQDMe2H79iIZvx1WndafA==][l7YDW7pOttmK4jC63oIKvucbYh5lhlEV1yivWrGRyneU0M5hrIJNnDDH3M9qdtLtRYcaLgtZqHplHRT1kEVq/w==][rBjrdPslVVqqYwiBu5PeDm0VPObSdjDTQg39TW+hNaz+IX3C5pfUhSIlQRDNN7K1P4k+UnPgP/P8Tr64nTyADA==]}
{"logTime": "0413/145048", "correlationVector":"CydP0hY4ZqKXbBVp8rEsUT.2","action":"EncryptionKeysManager::SetEncryptionKeysWithTimestamps:", "result":"Success", "context":Key timestamps[10]:[2023-11-01T08:25:23Z][2024-04-17T07:07:42Z][2024-09-24T08:59:42Z][2025-01-01T05:03:22Z][2025-04-28T04:01:24Z][2025-10-26T22:35:17Z][2025-11-18T07:37:05Z][2025-12-03T07:58:48Z][2026-01-02T05:13:39Z][2026-01-05T08:23:37Z]}
{"logTime": "0413/145048", "correlationVector":"9shmfrJbnRxqPT5SsK656U","action":"Initial GetUpdates", "result":"", "context":Reason: NEW_CLIENT. cV=9shmfrJbnRxqPT5SsK656U}
{"logTime": "0413/145048", "correlationVector":"9shmfrJbnRxqPT5SsK656U.3","action":"GetUpdates Response", "result":"Success", "context":Received 1 update(s). cV=9shmfrJbnRxqPT5SsK656U.0;server=akswtt11200000t;cloudType=Consumer;environment=Prod_japanwest_prod-s01-066-apac-japanwest;migrationStage=NotStarted}
{"logTime": "0413/145048", "correlationVector":"zDofSFmKuK4oGghYZ2TvHt","action":"Initial GetUpdates", "result":"", "context":Reason: NEWLY_SUPPORTED_DATATYPE. cV=zDofSFmKuK4oGghYZ2TvHt}
{"logTime": "0413/145049", "correlationVector":"zDofSFmKuK4oGghYZ2TvHt.1","action":"SyncServerConnectionManagerRequest", "result":"SYNC_SERVER_OK", "context":{"environment":"Prod_japanwest_prod-s01-066-apac-japanwest", "migrationStage":"NotStarted", "server":"akswtt112000006"}}
{"logTime": "0413/145049", "correlationVector":"zDofSFmKuK4oGghYZ2TvHt.2","action":"ProcessGetUpdates", "result":"Done", "context":{"dataType":"Passwords", "deleted":"19", "process_failed_to_decrypt":"0", "process_pending_decryption":"0", "process_success":"245", "total":"245"}}
{"logTime": "0413/145049", "correlationVector":"zDofSFmKuK4oGghYZ2TvHt.3","action":"GetUpdates Response", "result":"Success", "context":Received 245 update(s). cV=zDofSFmKuK4oGghYZ2TvHt.0;server=akswtt112000006;cloudType=Consumer;environment=Prod_japanwest_prod-s01-066-apac-japanwest;migrationStage=NotStarted Some updates remain.}
{"logTime": "0413/145049", "correlationVector":"SUjUqLnXvvr137uhUoYCfD","action":"Initial GetUpdates", "result":"", "context":Reason: NEWLY_SUPPORTED_DATATYPE. cV=SUjUqLnXvvr137uhUoYCfD}
{"logTime": "0413/145049", "correlationVector":"SUjUqLnXvvr137uhUoYCfD.1","action":"SyncServerConnectionManagerRequest", "result":"SYNC_SERVER_OK", "context":{"environment":"Prod_japanwest_prod-s01-066-apac-japanwest", "migrationStage":"NotStarted", "server":"akswtt11200000g"}}
{"logTime": "0413/145049", "correlationVector":"SUjUqLnXvvr137uhUoYCfD.2","action":"ProcessGetUpdates", "result":"Done", "context":{"dataType":"Passwords", "deleted":"0", "process_failed_to_decrypt":"0", "process_pending_decryption":"0", "process_success":"2", "total":"2"}}
{"logTime": "0413/145049", "correlationVector":"SUjUqLnXvvr137uhUoYCfD.3","action":"GetUpdates Response", "result":"Success", "context":Received 2 update(s). cV=SUjUqLnXvvr137uhUoYCfD.0;server=akswtt11200000g;cloudType=Consumer;environment=Prod_japanwest_prod-s01-066-apac-japanwest;migrationStage=NotStarted}
{"logTime": "0413/145049", "correlationVector":"4OX544F9RSKxirs/N7aQgM","action":"Normal GetUpdate request", "result":"", "context":cV=4OX544F9RSKxirs/N7aQgM
Nudged types: Preferences, Sessions, Device Info, User Consents, History
Refresh requested types: Bookmarks, Preferences, Passwords, Autofill Profiles, Autofill, Extensions, Sessions, Extension settings, History Delete Directives, Device Info, User Consents, Send Tab To Self, Web Apps, History, Saved Tab Group, WebAuthn Credentials, Collection, Edge E Drop, Edge Hub App Usage, Edge Wallet, Edge Workspace, Encryption Keys}
{"logTime": "0413/145050", "correlationVector":"4OX544F9RSKxirs/N7aQgM.1","action":"SyncServerConnectionManagerRequest", "result":"SYNC_SERVER_OK", "context":{"environment":"Prod_japanwest_prod-s01-066-apac-japanwest", "migrationStage":"NotStarted", "server":"akswtt112000007"}}
{"logTime": "0413/145050", "correlationVector":"4OX544F9RSKxirs/N7aQgM.2","action":"ProcessGetUpdates", "result":"Done", "context":{"dataType":"Sessions", "deleted":"3", "process_failed_to_decrypt":"0", "process_pending_decryption":"0", "process_success":"4", "total":"4"}}
{"logTime": "0413/145050", "correlationVector":"4OX544F9RSKxirs/N7aQgM.3","action":"GetUpdates Response", "result":"Success", "context":Received 4 update(s). cV=4OX544F9RSKxirs/N7aQgM.0;server=akswtt112000007;cloudType=Consumer;environment=Prod_japanwest_prod-s01-066-apac-japanwest;migrationStage=NotStarted}
{"logTime": "0413/145051", "correlationVector":"k49OCXNFEqWag2rdj2PILU","action":"Commit Request", "result":"", "context":Item count: 7
Contributing types: Preferences, Sessions, Device Info, User Consents, History}
{"logTime": "0413/145054", "correlationVector":"k49OCXNFEqWag2rdj2PILU.1","action":"SyncServerConnectionManagerRequest", "result":"SYNC_SERVER_OK", "context":{"environment":"Prod_japanwest_prod-s01-066-apac-japanwest", "migrationStage":"NotStarted", "server":"akswtt112000006"}}
{"logTime": "0413/145054", "correlationVector":"k49OCXNFEqWag2rdj2PILU.2","action":"Commit Response", "result":"Success", "context":Result: Success. cV=k49OCXNFEqWag2rdj2PILU.0;server=akswtt112000006;cloudType=Consumer;environment=Prod_japanwest_prod-s01-066-apac-japanwest;migrationStage=NotStarted}
{"logTime": "0413/145054", "correlationVector":"FrIFq/7uqAw1JC7ixajWEL","action":"Commit Request", "result":"", "context":Item count: 2
Contributing types: Sessions, History}
{"logTime": "0413/145055", "correlationVector":"FrIFq/7uqAw1JC7ixajWEL.1","action":"SyncServerConnectionManagerRequest", "result":"SYNC_SERVER_OK", "context":{"environment":"Prod_japanwest_prod-s01-066-apac-japanwest", "migrationStage":"NotStarted", "server":"akswtt112000006"}}
{"logTime": "0413/145055", "correlationVector":"FrIFq/7uqAw1JC7ixajWEL.2","action":"Commit Response", "result":"Success", "context":Result: Success. cV=FrIFq/7uqAw1JC7ixajWEL.0;server=akswtt112000006;cloudType=Consumer;environment=Prod_japanwest_prod-s01-066-apac-japanwest;migrationStage=NotStarted}
{"logTime": "0413/145105", "correlationVector":"0xR7xP1djGNSU2YD5Lk+RT","action":"Commit Request", "result":"", "context":Item count: 40
Contributing types: Passwords}
{"logTime": "0413/145123", "correlationVector":"0xR7xP1djGNSU2YD5Lk+RT.1","action":"SyncServerConnectionManagerRequest", "result":"SYNC_SERVER_OK", "context":{"environment":"Prod_japanwest_prod-s01-066-apac-japanwest", "migrationStage":"NotStarted", "server":"akswtt11200000h"}}
{"logTime": "0413/145123", "correlationVector":"0xR7xP1djGNSU2YD5Lk+RT.2","action":"Commit Response", "result":"Success", "context":Result: Success. cV=0xR7xP1djGNSU2YD5Lk+RT.0;server=akswtt11200000h;cloudType=Consumer;environment=Prod_japanwest_prod-s01-066-apac-japanwest;migrationStage=NotStarted}
{"logTime": "0413/145123", "correlationVector":"w4mJoiditGEsbiqon+dDtR","action":"Commit Request", "result":"", "context":Item count: 40
Contributing types: Passwords}
{"logTime": "0413/145132", "correlationVector":"w4mJoiditGEsbiqon+dDtR.1","action":"SyncServerConnectionManagerRequest", "result":"SYNC_SERVER_OK", "context":{"environment":"Prod_japanwest_prod-s01-066-apac-japanwest", "migrationStage":"NotStarted", "server":"akswtt11200000g"}}
{"logTime": "0413/145132", "correlationVector":"w4mJoiditGEsbiqon+dDtR.2","action":"Commit Response", "result":"Success", "context":Result: Success. cV=w4mJoiditGEsbiqon+dDtR.0;server=akswtt11200000g;cloudType=Consumer;environment=Prod_japanwest_prod-s01-066-apac-japanwest;migrationStage=NotStarted}
{"logTime": "0413/145132", "correlationVector":"VPt3NIUAYVoKtEuqxhPpfx","action":"Commit Request", "result":"", "context":Item count: 40
Contributing types: Passwords}
{"logTime": "0413/145146", "correlationVector":"VPt3NIUAYVoKtEuqxhPpfx.1","action":"SyncServerConnectionManagerRequest", "result":"SYNC_SERVER_OK", "context":{"environment":"Prod_japanwest_prod-s01-066-apac-japanwest", "migrationStage":"NotStarted", "server":"akswtt11200000h"}}
{"logTime": "0413/145146", "correlationVector":"VPt3NIUAYVoKtEuqxhPpfx.2","action":"Commit Response", "result":"Success", "context":Result: Success. cV=VPt3NIUAYVoKtEuqxhPpfx.0;server=akswtt11200000h;cloudType=Consumer;environment=Prod_japanwest_prod-s01-066-apac-japanwest;migrationStage=NotStarted}
{"logTime": "0413/145146", "correlationVector":"VPt3NIUAYVoKtEuqxhPpfx.3","action":"Commit.Passwords", "result":"TransientError", "context":{"id":"2b26cf18-15f1-4cc9-a723-04c8911167c4", "isDeleted":"false", "size":"766", "version":"1776090707924"}}
{"logTime": "0413/145146", "correlationVector":"VPt3NIUAYVoKtEuqxhPpfx.4","action":"Commit.Passwords", "result":"TransientError", "context":{"id":"5a17a17e-3302-42c9-9aef-eaefd8147d3c", "isDeleted":"false", "size":"734", "version":"1776090726540"}}
{"logTime": "0413/145146", "correlationVector":"VPt3NIUAYVoKtEuqxhPpfx.5","action":"Commit.Passwords", "result":"TransientError", "context":{"id":"f992daff-0a08-49f4-aa3e-1648e4273503", "isDeleted":"false", "size":"738", "version":"1776090717310"}}
{"logTime": "0413/145146", "correlationVector":"VPt3NIUAYVoKtEuqxhPpfx.6","action":"Commit.Passwords", "result":"TransientError", "context":{"id":"df6c1b97-d1d3-4ec7-9f7e-e2a3fb84f646", "isDeleted":"false", "size":"737", "version":"1776090707892"}}
{"logTime": "0413/145146", "correlationVector":"VPt3NIUAYVoKtEuqxhPpfx.7","action":"Commit.Passwords", "result":"TransientError", "context":{"id":"2366c0cd-2e32-4a7b-a06e-3079f9d42c1a", "isDeleted":"false", "size":"821", "version":"1776090717324"}}
{"logTime": "0413/145146", "correlationVector":"VPt3NIUAYVoKtEuqxhPpfx.8","action":"Commit.Passwords", "result":"TransientError", "context":{"id":"8c66ef4a-5706-4647-bcd8-ac8da2a4d819", "isDeleted":"false", "size":"622", "version":"1776072294087"}}
{"logTime": "0413/145146", "correlationVector":"VPt3NIUAYVoKtEuqxhPpfx.9","action":"Commit.Passwords", "result":"TransientError", "context":{"id":"fd0ea24f-729e-459a-9cea-551fed6b4174", "isDeleted":"false", "size":"710", "version":"1776090726526"}}
{"logTime": "0413/145146", "correlationVector":"VPt3NIUAYVoKtEuqxhPpfx.10","action":"Commit.Passwords", "result":"TransientError", "context":{"id":"22335453-a7ea-44d6-b232-ced83705ed30", "isDeleted":"false", "size":"777", "version":"1776090707922"}}
{"logTime": "0413/145146", "correlationVector":"VPt3NIUAYVoKtEuqxhPpfx.11","action":"Commit.Passwords", "result":"TransientError", "context":{"id":"a9e12418-79bf-48e9-b7fd-a009739eeb22", "isDeleted":"false", "size":"736", "version":"1776090726516"}}
{"logTime": "0413/145146", "correlationVector":"VPt3NIUAYVoKtEuqxhPpfx.12","action":"Commit.Passwords", "result":"TransientError", "context":{"id":"2b2393be-0fef-4566-8de9-ead8b032703a", "isDeleted":"false", "size":"774", "version":"1776090707909"}}
{"logTime": "0413/145146", "correlationVector":"VPt3NIUAYVoKtEuqxhPpfx.13","action":"Commit.Passwords", "result":"TransientError", "context":{"id":"6b0eb4fd-4fdc-4ff6-bfbe-7770e52a37b9", "isDeleted":"false", "size":"711", "version":"1776090717297"}}
{"logTime": "0413/145146", "correlationVector":"VPt3NIUAYVoKtEuqxhPpfx.14","action":"Commit.Passwords", "result":"TransientError", "context":{"id":"bf451604-65fb-49fb-b452-c19af32596a7", "isDeleted":"false", "size":"689", "version":"1776072485369"}}
{"logTime": "0413/145146", "correlationVector":"VPt3NIUAYVoKtEuqxhPpfx.15","action":"Commit.Passwords", "result":"TransientError", "context":{"id":"f2786ebc-b912-4a30-8aba-100dad1ba053", "isDeleted":"false", "size":"738", "version":"1776090717312"}}
{"logTime": "0413/145146", "correlationVector":"VPt3NIUAYVoKtEuqxhPpfx.16","action":"Commit.Passwords", "result":"TransientError", "context":{"id":"9550d930-27e4-44f9-aa5e-8c48f410f1ea", "isDeleted":"false", "size":"622", "version":"1776090707899"}}
{"logTime": "0413/145146", "correlationVector":"VPt3NIUAYVoKtEuqxhPpfx.17","action":"Commit.Passwords", "result":"TransientError", "context":{"id":"0dc0e8bd-10c5-4275-9b9e-a498a5c5f289", "isDeleted":"false", "size":"711", "version":"1776090726512"}}
{"logTime": "0413/145146", "correlationVector":"VPt3NIUAYVoKtEuqxhPpfx.18","action":"Commit.Passwords", "result":"TransientError", "context":{"id":"25edf067-8034-4361-914d-0d36306a2fae", "isDeleted":"false", "size":"758", "version":"1776090717328"}}
{"logTime": "0413/145146", "correlationVector":"VPt3NIUAYVoKtEuqxhPpfx.19","action":"Commit.Passwords", "result":"TransientError", "context":{"id":"0f43ba7f-29c3-4a90-adf5-fc0f1f64c305", "isDeleted":"false", "size":"711", "version":"1776090707916"}}
{"logTime": "0413/145146", "correlationVector":"VPt3NIUAYVoKtEuqxhPpfx.20","action":"Commit.Passwords", "result":"TransientError", "context":{"id":"4486d827-b419-4819-a7ba-74a874e25a9c", "isDeleted":"false", "size":"663", "version":"1776090717308"}}
{"logTime": "0413/145146", "correlationVector":"VPt3NIUAYVoKtEuqxhPpfx.21","action":"Commit.Passwords", "result":"TransientError", "context":{"id":"ca1e866d-66ea-463d-87d4-36c582175c93", "isDeleted":"false", "size":"689", "version":"1776090717317"}}
{"logTime": "0413/145146", "correlationVector":"VPt3NIUAYVoKtEuqxhPpfx.22","action":"Commit.Passwords", "result":"TransientError", "context":{"id":"4c66c517-01a9-45d4-98de-78bfbfa68f98", "isDeleted":"false", "size":"955", "version":"1776072514326"}}
{"logTime": "0413/145146", "correlationVector":"VPt3NIUAYVoKtEuqxhPpfx.23","action":"Commit.Passwords", "result":"TransientError", "context":{"id":"a0fc16b2-fc0c-4298-b83a-12b4c1068f90", "isDeleted":"false", "size":"734", "version":"1776072303680"}}
{"logTime": "0413/145146", "correlationVector":"VPt3NIUAYVoKtEuqxhPpfx.24","action":"Commit.Passwords", "result":"TransientError", "context":{"id":"39f7a73b-3497-426f-8988-7cf4eacaaea7", "isDeleted":"false", "size":"735", "version":"1776090726537"}}
{"logTime": "0413/145146", "correlationVector":"VPt3NIUAYVoKtEuqxhPpfx.25","action":"Commit.Passwords", "result":"TransientError", "context":{"id":"81a7e983-e435-4df3-9876-d43723cde3af", "isDeleted":"false", "size":"759", "version":"1776072514352"}}
{"logTime": "0413/145146", "correlationVector":"VPt3NIUAYVoKtEuqxhPpfx.26","action":"Commit.Passwords", "result":"TransientError", "context":{"id":"6820c88b-b989-4815-b7a9-8f7b7fe4ca75", "isDeleted":"false", "size":"753", "version":"1776090707903"}}
{"logTime": "0413/145146", "correlationVector":"VPt3NIUAYVoKtEuqxhPpfx.27","action":"Commit.Passwords", "result":"TransientError", "context":{"id":"2a64a22f-6a0c-43f3-aa31-27fbd06f009d", "isDeleted":"false", "size":"690", "version":"1776072284453"}}
{"logTime": "0413/145146", "correlationVector":"VPt3NIUAYVoKtEuqxhPpfx.28","action":"Commit.Passwords", "result":"TransientError", "context":{"id":"4b12373c-bfe2-48ce-8305-fe8fb36054d4", "isDeleted":"false", "size":"665", "version":"1776090707915"}}
{"logTime": "0413/145146", "correlationVector":"VPt3NIUAYVoKtEuqxhPpfx.29","action":"Commit.Passwords", "result":"TransientError", "context":{"id":"edd99f35-61af-4804-a003-c88c5273c5f1", "isDeleted":"false", "size":"736", "version":"1776072485360"}}
{"logTime": "0413/145146", "correlationVector":"VPt3NIUAYVoKtEuqxhPpfx.30","action":"Commit.Passwords", "result":"TransientError", "context":{"id":"5cf56807-c012-4e37-8181-5180ecc7518e", "isDeleted":"false", "size":"712", "version":"1776090707919"}}
{"logTime": "0413/145146", "correlationVector":"VPt3NIUAYVoKtEuqxhPpfx.31","action":"Commit.Passwords", "result":"TransientError", "context":{"id":"7a8f130c-4703-4a97-a95f-a365ba170abf", "isDeleted":"false", "size":"976", "version":"1776090707904"}}
{"logTime": "0413/145146", "correlationVector":"VPt3NIUAYVoKtEuqxhPpfx.32","action":"Commit.Passwords", "result":"TransientError", "context":{"id":"c75f9e79-ddcc-4b9d-81d3-db862c86cd69", "isDeleted":"false", "size":"644", "version":"1776072294074"}}
{"logTime": "0413/145146", "correlationVector":"VPt3NIUAYVoKtEuqxhPpfx.33","action":"Commit.Passwords", "result":"TransientError", "context":{"id":"7cfd341d-3de6-4f78-a87b-ed497c25df06", "isDeleted":"false", "size":"755", "version":"1776090707897"}}
{"logTime": "0413/145146", "correlationVector":"VPt3NIUAYVoKtEuqxhPpfx.34","action":"Commit.Passwords", "result":"TransientError", "context":{"id":"1d717b55-2ee8-4abc-b578-a695e0ecbf70", "isDeleted":"false", "size":"630", "version":"1776090717306"}}
{"logTime": "0413/145146", "correlationVector":"VPt3NIUAYVoKtEuqxhPpfx.35","action":"Commit.Passwords", "result":"TransientError", "context":{"id":"80674c73-dc37-4522-95c1-c2e8e72cbc40", "isDeleted":"false", "size":"753", "version":"1776090717322"}}
{"logTime": "0413/145146", "correlationVector":"VPt3NIUAYVoKtEuqxhPpfx.36","action":"Commit.Passwords", "result":"TransientError", "context":{"id":"d39bffab-5d9d-4fd2-9f57-ec956997f1a9", "isDeleted":"false", "size":"624", "version":"1776072294059"}}
{"logTime": "0413/145146", "correlationVector":"VPt3NIUAYVoKtEuqxhPpfx.37","action":"Commit.Passwords", "result":"TransientError", "context":{"id":"ec416fb7-baad-4dca-8b36-f9401c117271", "isDeleted":"false", "size":"645", "version":"1776090726519"}}
{"logTime": "0413/145146", "correlationVector":"VPt3NIUAYVoKtEuqxhPpfx.38","action":"Commit.Passwords", "result":"TransientError", "context":{"id":"6dc9e551-93c4-4858-8fec-ce1e7fed9736", "isDeleted":"false", "size":"785", "version":"1776090726544"}}
{"logTime": "0413/145146", "correlationVector":"VPt3NIUAYVoKtEuqxhPpfx.39","action":"Commit.Passwords", "result":"TransientError", "context":{"id":"ec7dcebf-ac09-4287-b745-4be384882741", "isDeleted":"false", "size":"710", "version":"1776072514355"}}
{"logTime": "0413/145146", "correlationVector":"VPt3NIUAYVoKtEuqxhPpfx.40","action":"Commit.Passwords", "result":"TransientError", "context":{"id":"9b5838c8-6799-4732-9726-bcb3def4c8f2", "isDeleted":"false", "size":"700", "version":"1776072303687"}}
{"logTime": "0413/145146", "correlationVector":"VPt3NIUAYVoKtEuqxhPpfx.41","action":"Commit.Passwords", "result":"TransientError", "context":{"id":"0aa1e136-4c2d-4e02-be85-8f400a0b6494", "isDeleted":"false", "size":"655", "version":"1776090717320"}}
{"logTime": "0413/145146", "correlationVector":"VPt3NIUAYVoKtEuqxhPpfx.42","action":"Commit.Passwords", "result":"TransientError", "context":{"id":"3fba926b-be49-4a2c-ae61-92e917125375", "isDeleted":"false", "size":"736", "version":"1776090717309"}}
{"logTime": "0413/145231", "correlationVector":"Bz51BWSqTVPCbfkDiVGAmw","action":"Commit Request", "result":"", "context":Item count: 40
Contributing types: Passwords}
{"logTime": "0413/145256", "correlationVector":"Bz51BWSqTVPCbfkDiVGAmw.1","action":"SyncServerConnectionManagerRequest", "result":"SYNC_SERVER_OK", "context":{"environment":"Prod_japanwest_prod-s01-066-apac-japanwest", "migrationStage":"NotStarted", "server":"akswtt112000009"}}
{"logTime": "0413/145256", "correlationVector":"Bz51BWSqTVPCbfkDiVGAmw.2","action":"Commit Response", "result":"Success", "context":Result: Success. cV=Bz51BWSqTVPCbfkDiVGAmw.0;server=akswtt112000009;cloudType=Consumer;environment=Prod_japanwest_prod-s01-066-apac-japanwest;migrationStage=NotStarted}
{"logTime": "0413/145256", "correlationVector":"QgEVCQAf+pYcB5dtaxPUjI","action":"Commit Request", "result":"", "context":Item count: 40
Contributing types: Passwords}
{"logTime": "0413/145322", "correlationVector":"QgEVCQAf+pYcB5dtaxPUjI.1","action":"SyncServerConnectionManagerRequest", "result":"SYNC_SERVER_OK", "context":{"environment":"Prod_japanwest_prod-s01-066-apac-japanwest", "migrationStage":"NotStarted", "server":"akswtt11200000x"}}
{"logTime": "0413/145322", "correlationVector":"QgEVCQAf+pYcB5dtaxPUjI.2","action":"Commit Response", "result":"Success", "context":Result: Success. cV=QgEVCQAf+pYcB5dtaxPUjI.0;server=akswtt11200000x;cloudType=Consumer;environment=Prod_japanwest_prod-s01-066-apac-japanwest;migrationStage=NotStarted}
{"logTime": "0413/145322", "correlationVector":"MWePNOfxL6VbNUdSioinKd","action":"Commit Request", "result":"", "context":Item count: 31
Contributing types: Preferences, Passwords}
{"logTime": "0413/145338", "correlationVector":"MWePNOfxL6VbNUdSioinKd.1","action":"SyncServerConnectionManagerRequest", "result":"SYNC_SERVER_OK", "context":{"environment":"Prod_japanwest_prod-s01-066-apac-japanwest", "migrationStage":"NotStarted", "server":"akswtt11200000i"}}
{"logTime": "0413/145338", "correlationVector":"MWePNOfxL6VbNUdSioinKd.2","action":"Commit Response", "result":"Success", "context":Result: Success. cV=MWePNOfxL6VbNUdSioinKd.0;server=akswtt11200000i;cloudType=Consumer;environment=Prod_japanwest_prod-s01-066-apac-japanwest;migrationStage=NotStarted}
{"logTime": "0414/041905", "correlationVector":"K8uy5sRckK0KTaxrvCthQG.1","action":"SyncServerConnectionManagerRequest", "result":"SYNC_SERVER_OK", "context":{"environment":"Prod_japanwest_prod-s01-066-apac-japanwest", "migrationStage":"NotStarted", "server":"akswtt112000008"}}
{"logTime": "0414/041905", "correlationVector":"K8uy5sRckK0KTaxrvCthQG.2","action":"ProcessGetUpdates", "result":"Done", "context":{"dataType":"Encryption Keys", "deleted":"0", "process_failed_to_decrypt":"0", "process_pending_decryption":"0", "process_success":"1", "total":"1"}}
{"logTime": "0414/041905", "correlationVector":"5cXPvnJu2dzQ5K8cvRljtA","action":"SyncServerConnectionManagerRequest", "result":"SYNC_SERVER_OK", "context":{"environment":"", "migrationStage":"", "server":""}}
{"logTime": "0414/041905", "correlationVector":"5cXPvnJu2dzQ5K8cvRljtA.0","action":"EncryptionKeysFetcher.DownloadKeys:", "result":"Success", "context":Key count: 10, Last key timestamp: 2026-01-05T08:23:37Z}
{"logTime": "0414/041905", "correlationVector":"5cXPvnJu2dzQ5K8cvRljtA.1","action":"EncryptionKeysManager::SetEncryptionKeys:", "result":"Success", "context":Key names[10]:[aOlnhsMGoSxkkNem0Yuuh9KS/3IkovxoeNgNZPcKsiKr/lSAd4MpNppcG6yG3gnSvsc6arYbXAZDJT4/MdoWKg==][O74o3Jcc57uhr7iq9rxzkfly4tlVTjaDYFMUo0XLPzost5WsggcyBG2Q4uOwtEFOyJ7TyBA8f3YpG4P8SsCM0A==][FZ3AwcYD32U+BR1my8HpUu0L3edQZsij+MtCItjffISExnm+mRZvJY9VIHSAovk59msLIVTD78wBtOC9M5y02g==][gWYtqAL4N60CXbh9cJu3iUdGbuO8urY3npmriITPz3/K14SwKr3iB7tceWchqM+B9OOiNV9yaXI3HIdHmrvrnw==][h7PsmFXBjRrJbApUV67XBpeWMWF5fABFvT5G0P8HjymbkANwJ4xXYVcK2b8JFOYLjk02i35h/XBRqxaVyGoA8A==][vvbiec2lYoh/KI7ZUvjKc+XKdneaoVg4Y5JEILh+XwrXDHXzEz1Ry4WS6R2kG4lwDezJDyd/Mxw4GNphBvBwww==][IVH4jghKUO8DbYOUnxiF7YRfMzVvm2r46M6UfOALup5iuBYPfyxrvC9260UpVJZrST+hMbro/AH7WJqLP53mlw==][FYExiAJbmbyK5dSagivD6mpIAHgyclDcvEUDKgP1AqOKrUs1fShHPB60TBfjkXZEfEQDMe2H79iIZvx1WndafA==][l7YDW7pOttmK4jC63oIKvucbYh5lhlEV1yivWrGRyneU0M5hrIJNnDDH3M9qdtLtRYcaLgtZqHplHRT1kEVq/w==][rBjrdPslVVqqYwiBu5PeDm0VPObSdjDTQg39TW+hNaz+IX3C5pfUhSIlQRDNN7K1P4k+UnPgP/P8Tr64nTyADA==]}
{"logTime": "0414/041905", "correlationVector":"5cXPvnJu2dzQ5K8cvRljtA.2","action":"EncryptionKeysManager::SetEncryptionKeysWithTimestamps:", "result":"Success", "context":Key timestamps[10]:[2023-11-01T08:25:23Z][2024-04-17T07:07:42Z][2024-09-24T08:59:42Z][2025-01-01T05:03:22Z][2025-04-28T04:01:24Z][2025-10-26T22:35:17Z][2025-11-18T07:37:05Z][2025-12-03T07:58:48Z][2026-01-02T05:13:39Z][2026-01-05T08:23:37Z]}
{"logTime": "0414/041905", "correlationVector":"K8uy5sRckK0KTaxrvCthQG","action":"Initial GetUpdates", "result":"", "context":Reason: NEW_CLIENT. cV=K8uy5sRckK0KTaxrvCthQG}
{"logTime": "0414/041905", "correlationVector":"K8uy5sRckK0KTaxrvCthQG.3","action":"GetUpdates Response", "result":"Success", "context":Received 1 update(s). cV=K8uy5sRckK0KTaxrvCthQG.0;server=akswtt112000008;cloudType=Consumer;environment=Prod_japanwest_prod-s01-066-apac-japanwest;migrationStage=NotStarted}
{"logTime": "0414/041905", "correlationVector":"Jn3wztclZFIjlb7Xv5PQ8T","action":"Initial GetUpdates", "result":"", "context":Reason: NEWLY_SUPPORTED_DATATYPE. cV=Jn3wztclZFIjlb7Xv5PQ8T}
{"logTime": "0414/041906", "correlationVector":"Jn3wztclZFIjlb7Xv5PQ8T.1","action":"SyncServerConnectionManagerRequest", "result":"SYNC_SERVER_OK", "context":{"environment":"Prod_japanwest_prod-s01-066-apac-japanwest", "migrationStage":"NotStarted", "server":"akswtt11200000t"}}
{"logTime": "0414/041906", "correlationVector":"Jn3wztclZFIjlb7Xv5PQ8T.2","action":"ProcessGetUpdates", "result":"Done", "context":{"dataType":"Preferences", "deleted":"0", "process_failed_to_decrypt":"0", "process_pending_decryption":"0", "process_success":"56", "total":"56"}}
{"logTime": "0414/041906", "correlationVector":"Jn3wztclZFIjlb7Xv5PQ8T.3","action":"ProcessGetUpdates", "result":"Done", "context":{"dataType":"Device Info", "deleted":"0", "process_failed_to_decrypt":"0", "process_pending_decryption":"0", "process_success":"194", "total":"194"}}
{"logTime": "0414/041906", "correlationVector":"Jn3wztclZFIjlb7Xv5PQ8T.4","action":"GetUpdates Response", "result":"Success", "context":Received 250 update(s). cV=Jn3wztclZFIjlb7Xv5PQ8T.0;server=akswtt11200000t;cloudType=Consumer;environment=Prod_japanwest_prod-s01-066-apac-japanwest;migrationStage=NotStarted Some updates remain.}
{"logTime": "0414/041906", "correlationVector":"jVMglpwrJHOc5KqrasEngq","action":"Initial GetUpdates", "result":"", "context":Reason: NEWLY_SUPPORTED_DATATYPE. cV=jVMglpwrJHOc5KqrasEngq}
{"logTime": "0414/041907", "correlationVector":"jVMglpwrJHOc5KqrasEngq.1","action":"SyncServerConnectionManagerRequest", "result":"SYNC_SERVER_OK", "context":{"environment":"Prod_japanwest_prod-s01-066-apac-japanwest", "migrationStage":"NotStarted", "server":"akswtt112000009"}}
{"logTime": "0414/041907", "correlationVector":"jVMglpwrJHOc5KqrasEngq.2","action":"ProcessGetUpdates", "result":"Done", "context":{"dataType":"Preferences", "deleted":"2", "process_failed_to_decrypt":"0", "process_pending_decryption":"0", "process_success":"57", "total":"57"}}
{"logTime": "0414/041907", "correlationVector":"jVMglpwrJHOc5KqrasEngq.3","action":"ProcessGetUpdates", "result":"Done", "context":{"dataType":"Passwords", "deleted":"19", "process_failed_to_decrypt":"0", "process_pending_decryption":"0", "process_success":"140", "total":"140"}}
{"logTime": "0414/041907", "correlationVector":"jVMglpwrJHOc5KqrasEngq.4","action":"ProcessGetUpdates", "result":"Done", "context":{"dataType":"Device Info", "deleted":"0", "process_failed_to_decrypt":"0", "process_pending_decryption":"0", "process_success":"48", "total":"48"}}
{"logTime": "0414/041907", "correlationVector":"jVMglpwrJHOc5KqrasEngq.5","action":"GetUpdates Response", "result":"Success", "context":Received 245 update(s). cV=jVMglpwrJHOc5KqrasEngq.0;server=akswtt112000009;cloudType=Consumer;environment=Prod_japanwest_prod-s01-066-apac-japanwest;migrationStage=NotStarted Some updates remain.}
{"logTime": "0414/041907", "correlationVector":"4BdhQxn02BhHCZ31ADHIhq","action":"Initial GetUpdates", "result":"", "context":Reason: NEWLY_SUPPORTED_DATATYPE. cV=4BdhQxn02BhHCZ31ADHIhq}
{"logTime": "0414/041908", "correlationVector":"4BdhQxn02BhHCZ31ADHIhq.1","action":"SyncServerConnectionManagerRequest", "result":"SYNC_SERVER_OK", "context":{"environment":"Prod_japanwest_prod-s01-066-apac-japanwest", "migrationStage":"NotStarted", "server":"akswtt112000000"}}
{"logTime": "0414/041908", "correlationVector":"4BdhQxn02BhHCZ31ADHIhq.2","action":"ProcessGetUpdates", "result":"Done", "context":{"dataType":"Preferences", "deleted":"0", "process_failed_to_decrypt":"0", "process_pending_decryption":"0", "process_success":"3", "total":"3"}}
{"logTime": "0414/041908", "correlationVector":"4BdhQxn02BhHCZ31ADHIhq.3","action":"ProcessGetUpdates", "result":"Done", "context":{"dataType":"Passwords", "deleted":"0", "process_failed_to_decrypt":"0", "process_pending_decryption":"0", "process_success":"107", "total":"107"}}
{"logTime": "0414/041908", "correlationVector":"4BdhQxn02BhHCZ31ADHIhq.4","action":"ProcessGetUpdates", "result":"Done", "context":{"dataType":"Device Info", "deleted":"0", "process_failed_to_decrypt":"0", "process_pending_decryption":"0", "process_success":"3", "total":"3"}}
{"logTime": "0414/041908", "correlationVector":"4BdhQxn02BhHCZ31ADHIhq.5","action":"GetUpdates Response", "result":"Success", "context":Received 113 update(s). cV=4BdhQxn02BhHCZ31ADHIhq.0;server=akswtt112000000;cloudType=Consumer;environment=Prod_japanwest_prod-s01-066-apac-japanwest;migrationStage=NotStarted}
{"logTime": "0414/041908", "correlationVector":"CFfrpZmyS8KrtUaL4tYofd","action":"Initial GetUpdates", "result":"", "context":Reason: NEWLY_SUPPORTED_DATATYPE. cV=CFfrpZmyS8KrtUaL4tYofd}
{"logTime": "0414/041908", "correlationVector":"CFfrpZmyS8KrtUaL4tYofd.1","action":"SyncServerConnectionManagerRequest", "result":"SYNC_SERVER_OK", "context":{"environment":"Prod_japanwest_prod-s01-066-apac-japanwest", "migrationStage":"NotStarted", "server":"akswtt11200000f"}}
{"logTime": "0414/041908", "correlationVector":"CFfrpZmyS8KrtUaL4tYofd.2","action":"ProcessGetUpdates", "result":"Done", "context":{"dataType":"Bookmarks", "deleted":"0", "process_failed_to_decrypt":"0", "process_pending_decryption":"0", "process_success":"95", "total":"95"}}
{"logTime": "0414/041908", "correlationVector":"CFfrpZmyS8KrtUaL4tYofd.3","action":"GetUpdates Response", "result":"Success", "context":Received 95 update(s). cV=CFfrpZmyS8KrtUaL4tYofd.0;server=akswtt11200000f;cloudType=Consumer;environment=Prod_japanwest_prod-s01-066-apac-japanwest;migrationStage=NotStarted}
{"logTime": "0414/041908", "correlationVector":"zsXquwuSyqbLTd1PMoMLMe","action":"Initial GetUpdates", "result":"", "context":Reason: NEWLY_SUPPORTED_DATATYPE. cV=zsXquwuSyqbLTd1PMoMLMe}
{"logTime": "0414/041909", "correlationVector":"zsXquwuSyqbLTd1PMoMLMe.1","action":"SyncServerConnectionManagerRequest", "result":"SYNC_SERVER_OK", "context":{"environment":"Prod_japanwest_prod-s01-066-apac-japanwest", "migrationStage":"NotStarted", "server":"akswtt11200000m"}}
{"logTime": "0414/041909", "correlationVector":"zsXquwuSyqbLTd1PMoMLMe.2","action":"ProcessGetUpdates", "result":"Done", "context":{"dataType":"Autofill Profiles", "deleted":"0", "process_failed_to_decrypt":"0", "process_pending_decryption":"0", "process_success":"11", "total":"11"}}
{"logTime": "0414/041909", "correlationVector":"zsXquwuSyqbLTd1PMoMLMe.3","action":"ProcessGetUpdates", "result":"Done", "context":{"dataType":"Autofill", "deleted":"0", "process_failed_to_decrypt":"0", "process_pending_decryption":"0", "process_success":"208", "total":"208"}}
{"logTime": "0414/041909", "correlationVector":"zsXquwuSyqbLTd1PMoMLMe.4","action":"ProcessGetUpdates", "result":"Done", "context":{"dataType":"Extensions", "deleted":"0", "process_failed_to_decrypt":"0", "process_pending_decryption":"0", "process_success":"3", "total":"3"}}
{"logTime": "0414/041909", "correlationVector":"zsXquwuSyqbLTd1PMoMLMe.5","action":"ProcessGetUpdates", "result":"Done", "context":{"dataType":"Extension settings", "deleted":"0", "process_failed_to_decrypt":"0", "process_pending_decryption":"0", "process_success":"27", "total":"27"}}
{"logTime": "0414/041909", "correlationVector":"zsXquwuSyqbLTd1PMoMLMe.6","action":"ProcessGetUpdates", "result":"Done", "context":{"dataType":"Web Apps", "deleted":"0", "process_failed_to_decrypt":"0", "process_pending_decryption":"0", "process_success":"1", "total":"1"}}
{"logTime": "0414/041909", "correlationVector":"zsXquwuSyqbLTd1PMoMLMe.7","action":"GetUpdates Response", "result":"Success", "context":Received 250 update(s). cV=zsXquwuSyqbLTd1PMoMLMe.0;server=akswtt11200000m;cloudType=Consumer;environment=Prod_japanwest_prod-s01-066-apac-japanwest;migrationStage=NotStarted Some updates remain.}
{"logTime": "0414/041909", "correlationVector":"3Lns3YQSrC9RM8RAusfSvR","action":"Initial GetUpdates", "result":"", "context":Reason: NEWLY_SUPPORTED_DATATYPE. cV=3Lns3YQSrC9RM8RAusfSvR}
{"logTime": "0414/041910", "correlationVector":"3Lns3YQSrC9RM8RAusfSvR.1","action":"SyncServerConnectionManagerRequest", "result":"SYNC_SERVER_OK", "context":{"environment":"Prod_japanwest_prod-s01-066-apac-japanwest", "migrationStage":"NotStarted", "server":"akswtt11200000d"}}
{"logTime": "0414/041910", "correlationVector":"3Lns3YQSrC9RM8RAusfSvR.2","action":"ProcessGetUpdates", "result":"Done", "context":{"dataType":"Autofill Profiles", "deleted":"2", "process_failed_to_decrypt":"0", "process_pending_decryption":"0", "process_success":"4", "total":"4"}}
{"logTime": "0414/041910", "correlationVector":"3Lns3YQSrC9RM8RAusfSvR.3","action":"ProcessGetUpdates", "result":"Done", "context":{"dataType":"Autofill", "deleted":"0", "process_failed_to_decrypt":"0", "process_pending_decryption":"0", "process_success":"108", "total":"108"}}
{"logTime": "0414/041910", "correlationVector":"3Lns3YQSrC9RM8RAusfSvR.4","action":"ProcessGetUpdates", "result":"Done", "context":{"dataType":"Extensions", "deleted":"0", "process_failed_to_decrypt":"0", "process_pending_decryption":"0", "process_success":"2", "total":"2"}}
{"logTime": "0414/041910", "correlationVector":"3Lns3YQSrC9RM8RAusfSvR.5","action":"ProcessGetUpdates", "result":"Done", "context":{"dataType":"Sessions", "deleted":"132", "process_failed_to_decrypt":"0", "process_pending_decryption":"0", "process_success":"132", "total":"132"}}
{"logTime": "0414/041910", "correlationVector":"3Lns3YQSrC9RM8RAusfSvR.6","action":"ProcessGetUpdates", "result":"Done", "context":{"dataType":"Edge Hub App Usage", "deleted":"0", "process_failed_to_decrypt":"0", "process_pending_decryption":"0", "process_success":"4", "total":"4"}}
{"logTime": "0414/041910", "correlationVector":"3Lns3YQSrC9RM8RAusfSvR.7","action":"GetUpdates Response", "result":"Success", "context":Received 250 update(s). cV=3Lns3YQSrC9RM8RAusfSvR.0;server=akswtt11200000d;cloudType=Consumer;environment=Prod_japanwest_prod-s01-066-apac-japanwest;migrationStage=NotStarted Some updates remain.}
{"logTime": "0414/041910", "correlationVector":"D/DHzegMRBNFWMqSoxY80K","action":"Initial GetUpdates", "result":"", "context":Reason: NEWLY_SUPPORTED_DATATYPE. cV=D/DHzegMRBNFWMqSoxY80K}
{"logTime": "0414/041912", "correlationVector":"D/DHzegMRBNFWMqSoxY80K.1","action":"SyncServerConnectionManagerRequest", "result":"SYNC_SERVER_OK", "context":{"environment":"Prod_japanwest_prod-s01-066-apac-japanwest", "migrationStage":"NotStarted", "server":"akswtt11200000f"}}
{"logTime": "0414/041912", "correlationVector":"D/DHzegMRBNFWMqSoxY80K.2","action":"ProcessGetUpdates", "result":"Done", "context":{"dataType":"Autofill", "deleted":"0", "process_failed_to_decrypt":"0", "process_pending_decryption":"0", "process_success":"226", "total":"226"}}
{"logTime": "0414/041912", "correlationVector":"D/DHzegMRBNFWMqSoxY80K.3","action":"ProcessGetUpdates", "result":"Done", "context":{"dataType":"Sessions", "deleted":"24", "process_failed_to_decrypt":"0", "process_pending_decryption":"0", "process_success":"24", "total":"24"}}
{"logTime": "0414/041912", "correlationVector":"D/DHzegMRBNFWMqSoxY80K.4","action":"GetUpdates Response", "result":"Success", "context":Received 250 update(s). cV=D/DHzegMRBNFWMqSoxY80K.0;server=akswtt11200000f;cloudType=Consumer;environment=Prod_japanwest_prod-s01-066-apac-japanwest;migrationStage=NotStarted Some updates remain.}
{"logTime": "0414/041912", "correlationVector":"axCKK/dcYDMR4hARJDGojY","action":"Initial GetUpdates", "result":"", "context":Reason: NEWLY_SUPPORTED_DATATYPE. cV=axCKK/dcYDMR4hARJDGojY}
{"logTime": "0414/041913", "correlationVector":"axCKK/dcYDMR4hARJDGojY.1","action":"SyncServerConnectionManagerRequest", "result":"SYNC_SERVER_OK", "context":{"environment":"Prod_japanwest_prod-s01-066-apac-japanwest", "migrationStage":"NotStarted", "server":"akswtt11200000d"}}
{"logTime": "0414/041913", "correlationVector":"axCKK/dcYDMR4hARJDGojY.2","action":"ProcessGetUpdates", "result":"Done", "context":{"dataType":"Autofill", "deleted":"0", "process_failed_to_decrypt":"0", "process_pending_decryption":"0", "process_success":"250", "total":"250"}}
{"logTime": "0414/041913", "correlationVector":"axCKK/dcYDMR4hARJDGojY.3","action":"GetUpdates Response", "result":"Success", "context":Received 250 update(s). cV=axCKK/dcYDMR4hARJDGojY.0;server=akswtt11200000d;cloudType=Consumer;environment=Prod_japanwest_prod-s01-066-apac-japanwest;migrationStage=NotStarted Some updates remain.}
{"logTime": "0414/041913", "correlationVector":"yiHdwepc5LEjuEafmZmWGo","action":"Initial GetUpdates", "result":"", "context":Reason: NEWLY_SUPPORTED_DATATYPE. cV=yiHdwepc5LEjuEafmZmWGo}
{"logTime": "0414/041914", "correlationVector":"yiHdwepc5LEjuEafmZmWGo.1","action":"SyncServerConnectionManagerRequest", "result":"SYNC_SERVER_OK", "context":{"environment":"Prod_japanwest_prod-s01-066-apac-japanwest", "migrationStage":"NotStarted", "server":"akswtt11200000b"}}
{"logTime": "0414/041914", "correlationVector":"yiHdwepc5LEjuEafmZmWGo.2","action":"ProcessGetUpdates", "result":"Done", "context":{"dataType":"Autofill", "deleted":"0", "process_failed_to_decrypt":"0", "process_pending_decryption":"0", "process_success":"129", "total":"129"}}
{"logTime": "0414/041914", "correlationVector":"yiHdwepc5LEjuEafmZmWGo.3","action":"ProcessGetUpdates", "result":"Done", "context":{"dataType":"Extensions", "deleted":"0", "process_failed_to_decrypt":"0", "process_pending_decryption":"0", "process_success":"1", "total":"1"}}
{"logTime": "0414/041914", "correlationVector":"yiHdwepc5LEjuEafmZmWGo.4","action":"ProcessGetUpdates", "result":"Done", "context":{"dataType":"Sessions", "deleted":"120", "process_failed_to_decrypt":"0", "process_pending_decryption":"0", "process_success":"120", "total":"120"}}
{"logTime": "0414/041914", "correlationVector":"yiHdwepc5LEjuEafmZmWGo.5","action":"GetUpdates Response", "result":"Success", "context":Received 250 update(s). cV=yiHdwepc5LEjuEafmZmWGo.0;server=akswtt11200000b;cloudType=Consumer;environment=Prod_japanwest_prod-s01-066-apac-japanwest;migrationStage=NotStarted Some updates remain.}
{"logTime": "0414/041914", "correlationVector":"OPvWNXDwvvL+hQpEPeM749","action":"Initial GetUpdates", "result":"", "context":Reason: NEWLY_SUPPORTED_DATATYPE. cV=OPvWNXDwvvL+hQpEPeM749}
{"logTime": "0414/041917", "correlationVector":"OPvWNXDwvvL+hQpEPeM749.1","action":"SyncServerConnectionManagerRequest", "result":"SYNC_SERVER_OK", "context":{"environment":"Prod_japanwest_prod-s01-066-apac-japanwest", "migrationStage":"NotStarted", "server":"akswtt11200000m"}}
{"logTime": "0414/041917", "correlationVector":"OPvWNXDwvvL+hQpEPeM749.2","action":"ProcessGetUpdates", "result":"Done", "context":{"dataType":"Autofill Profiles", "deleted":"2", "process_failed_to_decrypt":"0", "process_pending_decryption":"0", "process_success":"3", "total":"3"}}
{"logTime": "0414/041917", "correlationVector":"OPvWNXDwvvL+hQpEPeM749.3","action":"ProcessGetUpdates", "result":"Done", "context":{"dataType":"Autofill", "deleted":"0", "process_failed_to_decrypt":"0", "process_pending_decryption":"0", "process_success":"35", "total":"35"}}
{"logTime": "0414/041917", "correlationVector":"OPvWNXDwvvL+hQpEPeM749.4","action":"ProcessGetUpdates", "result":"Done", "context":{"dataType":"Extensions", "deleted":"0", "process_failed_to_decrypt":"0", "process_pending_decryption":"0", "process_success":"10", "total":"10"}}
{"logTime": "0414/041917", "correlationVector":"OPvWNXDwvvL+hQpEPeM749.5","action":"ProcessGetUpdates", "result":"Done", "context":{"dataType":"Sessions", "deleted":"199", "process_failed_to_decrypt":"0", "process_pending_decryption":"0", "process_success":"200", "total":"200"}}
{"logTime": "0414/041917", "correlationVector":"OPvWNXDwvvL+hQpEPeM749.6","action":"ProcessGetUpdates", "result":"Done", "context":{"dataType":"WebAuthn Credentials", "deleted":"0", "process_failed_to_decrypt":"0", "process_pending_decryption":"0", "process_success":"1", "total":"1"}}
{"logTime": "0414/041917", "correlationVector":"OPvWNXDwvvL+hQpEPeM749.7","action":"ProcessGetUpdates", "result":"Done", "context":{"dataType":"Edge Hub App Usage", "deleted":"0", "process_failed_to_decrypt":"0", "process_pending_decryption":"0", "process_success":"1", "total":"1"}}
{"logTime": "0414/041917", "correlationVector":"OPvWNXDwvvL+hQpEPeM749.8","action":"GetUpdates Response", "result":"Success", "context":Received 250 update(s). cV=OPvWNXDwvvL+hQpEPeM749.0;server=akswtt11200000m;cloudType=Consumer;environment=Prod_japanwest_prod-s01-066-apac-japanwest;migrationStage=NotStarted Some updates remain.}
{"logTime": "0414/041917", "correlationVector":"PKnGd/Oe9gqkpGmvD7rDrN","action":"Initial GetUpdates", "result":"", "context":Reason: NEWLY_SUPPORTED_DATATYPE. cV=PKnGd/Oe9gqkpGmvD7rDrN}
{"logTime": "0414/041917", "correlationVector":"PKnGd/Oe9gqkpGmvD7rDrN.1","action":"SyncServerConnectionManagerRequest", "result":"SYNC_SERVER_OK", "context":{"environment":"Prod_japanwest_prod-s01-066-apac-japanwest", "migrationStage":"NotStarted", "server":"akswtt112000008"}}
{"logTime": "0414/041917", "correlationVector":"PKnGd/Oe9gqkpGmvD7rDrN.2","action":"ProcessGetUpdates", "result":"Done", "context":{"dataType":"Autofill Profiles", "deleted":"1", "process_failed_to_decrypt":"0", "process_pending_decryption":"0", "process_success":"1", "total":"1"}}
{"logTime": "0414/041917", "correlationVector":"PKnGd/Oe9gqkpGmvD7rDrN.3","action":"ProcessGetUpdates", "result":"Done", "context":{"dataType":"Autofill", "deleted":"0", "process_failed_to_decrypt":"0", "process_pending_decryption":"0", "process_success":"15", "total":"15"}}
{"logTime": "0414/041917", "correlationVector":"PKnGd/Oe9gqkpGmvD7rDrN.4","action":"ProcessGetUpdates", "result":"Done", "context":{"dataType":"Extensions", "deleted":"0", "process_failed_to_decrypt":"0", "process_pending_decryption":"0", "process_success":"2", "total":"2"}}
{"logTime": "0414/041917", "correlationVector":"PKnGd/Oe9gqkpGmvD7rDrN.5","action":"ProcessGetUpdates", "result":"Done", "context":{"dataType":"Sessions", "deleted":"31", "process_failed_to_decrypt":"0", "process_pending_decryption":"0", "process_success":"44", "total":"44"}}
{"logTime": "0414/041917", "correlationVector":"PKnGd/Oe9gqkpGmvD7rDrN.6","action":"ProcessGetUpdates", "result":"Done", "context":{"dataType":"Edge Hub App Usage", "deleted":"2", "process_failed_to_decrypt":"0", "process_pending_decryption":"0", "process_success":"2", "total":"2"}}
{"logTime": "0414/041917", "correlationVector":"PKnGd/Oe9gqkpGmvD7rDrN.7","action":"GetUpdates Response", "result":"Success", "context":Received 64 update(s). cV=PKnGd/Oe9gqkpGmvD7rDrN.0;server=akswtt112000008;cloudType=Consumer;environment=Prod_japanwest_prod-s01-066-apac-japanwest;migrationStage=NotStarted}
{"logTime": "0414/041917", "correlationVector":"EGfuq2hqOEk50yh3v5u89m","action":"Initial GetUpdates", "result":"", "context":Reason: NEWLY_SUPPORTED_DATATYPE. cV=EGfuq2hqOEk50yh3v5u89m}
{"logTime": "0414/041919", "correlationVector":"EGfuq2hqOEk50yh3v5u89m.1","action":"SyncServerConnectionManagerRequest", "result":"SYNC_SERVER_OK", "context":{"environment":"Prod_japanwest_prod-s01-066-apac-japanwest", "migrationStage":"NotStarted", "server":"akswtt11200000m"}}
{"logTime": "0414/041919", "correlationVector":"EGfuq2hqOEk50yh3v5u89m.2","action":"ProcessGetUpdates", "result":"Done", "context":{"dataType":"History", "deleted":"0", "process_failed_to_decrypt":"0", "process_pending_decryption":"0", "process_success":"250", "total":"250"}}
{"logTime": "0414/041919", "correlationVector":"EGfuq2hqOEk50yh3v5u89m.3","action":"GetUpdates Response", "result":"Success", "context":Received 250 update(s). cV=EGfuq2hqOEk50yh3v5u89m.0;server=akswtt11200000m;cloudType=Consumer;environment=Prod_japanwest_prod-s01-066-apac-japanwest;migrationStage=NotStarted Some updates remain.}
{"logTime": "0414/041919", "correlationVector":"SToRP48e43HcfCz2hjvXAJ","action":"Initial GetUpdates", "result":"", "context":Reason: NEWLY_SUPPORTED_DATATYPE. cV=SToRP48e43HcfCz2hjvXAJ}
{"logTime": "0414/041920", "correlationVector":"SToRP48e43HcfCz2hjvXAJ.1","action":"SyncServerConnectionManagerRequest", "result":"SYNC_SERVER_OK", "context":{"environment":"Prod_japanwest_prod-s01-066-apac-japanwest", "migrationStage":"NotStarted", "server":"akswtt112000009"}}
{"logTime": "0414/041920", "correlationVector":"SToRP48e43HcfCz2hjvXAJ.2","action":"ProcessGetUpdates", "result":"Done", "context":{"dataType":"History", "deleted":"0", "process_failed_to_decrypt":"0", "process_pending_decryption":"0", "process_success":"250", "total":"250"}}
{"logTime": "0414/041920", "correlationVector":"SToRP48e43HcfCz2hjvXAJ.3","action":"GetUpdates Response", "result":"Success", "context":Received 250 update(s). cV=SToRP48e43HcfCz2hjvXAJ.0;server=akswtt112000009;cloudType=Consumer;environment=Prod_japanwest_prod-s01-066-apac-japanwest;migrationStage=NotStarted Some updates remain.}
{"logTime": "0414/041920", "correlationVector":"+yj4JCyO6h1Fp2Dfzn5e63","action":"Initial GetUpdates", "result":"", "context":Reason: NEWLY_SUPPORTED_DATATYPE. cV=+yj4JCyO6h1Fp2Dfzn5e63}
{"logTime": "0414/041922", "correlationVector":"+yj4JCyO6h1Fp2Dfzn5e63.1","action":"SyncServerConnectionManagerRequest", "result":"SYNC_SERVER_OK", "context":{"environment":"Prod_japanwest_prod-s01-066-apac-japanwest", "migrationStage":"NotStarted", "server":"akswtt112000000"}}
{"logTime": "0414/041922", "correlationVector":"+yj4JCyO6h1Fp2Dfzn5e63.2","action":"ProcessGetUpdates", "result":"Done", "context":{"dataType":"History", "deleted":"0", "process_failed_to_decrypt":"0", "process_pending_decryption":"0", "process_success":"250", "total":"250"}}
{"logTime": "0414/041922", "correlationVector":"+yj4JCyO6h1Fp2Dfzn5e63.3","action":"GetUpdates Response", "result":"Success", "context":Received 250 update(s). cV=+yj4JCyO6h1Fp2Dfzn5e63.0;server=akswtt112000000;cloudType=Consumer;environment=Prod_japanwest_prod-s01-066-apac-japanwest;migrationStage=NotStarted Some updates remain.}
{"logTime": "0414/041922", "correlationVector":"1zx8EHzzHZLI1QKhPu1UFu","action":"Initial GetUpdates", "result":"", "context":Reason: NEWLY_SUPPORTED_DATATYPE. cV=1zx8EHzzHZLI1QKhPu1UFu}
{"logTime": "0414/041923", "correlationVector":"1zx8EHzzHZLI1QKhPu1UFu.1","action":"SyncServerConnectionManagerRequest", "result":"SYNC_SERVER_OK", "context":{"environment":"Prod_japanwest_prod-s01-066-apac-japanwest", "migrationStage":"NotStarted", "server":"akswtt11200000m"}}
{"logTime": "0414/041923", "correlationVector":"1zx8EHzzHZLI1QKhPu1UFu.2","action":"ProcessGetUpdates", "result":"Done", "context":{"dataType":"History", "deleted":"0", "process_failed_to_decrypt":"0", "process_pending_decryption":"0", "process_success":"250", "total":"250"}}
{"logTime": "0414/041923", "correlationVector":"1zx8EHzzHZLI1QKhPu1UFu.3","action":"GetUpdates Response", "result":"Success", "context":Received 250 update(s). cV=1zx8EHzzHZLI1QKhPu1UFu.0;server=akswtt11200000m;cloudType=Consumer;environment=Prod_japanwest_prod-s01-066-apac-japanwest;migrationStage=NotStarted Some updates remain.}
{"logTime": "0414/041923", "correlationVector":"Hh44xngpuWm6CkjW5hsPle","action":"Initial GetUpdates", "result":"", "context":Reason: NEWLY_SUPPORTED_DATATYPE. cV=Hh44xngpuWm6CkjW5hsPle}
{"logTime": "0414/041924", "correlationVector":"Hh44xngpuWm6CkjW5hsPle.1","action":"SyncServerConnectionManagerRequest", "result":"SYNC_SERVER_OK", "context":{"environment":"Prod_japanwest_prod-s01-066-apac-japanwest", "migrationStage":"NotStarted", "server":"akswtt11200000m"}}
{"logTime": "0414/041924", "correlationVector":"Hh44xngpuWm6CkjW5hsPle.2","action":"ProcessGetUpdates", "result":"Done", "context":{"dataType":"History", "deleted":"0", "process_failed_to_decrypt":"0", "process_pending_decryption":"0", "process_success":"250", "total":"250"}}
{"logTime": "0414/041924", "correlationVector":"Hh44xngpuWm6CkjW5hsPle.3","action":"GetUpdates Response", "result":"Success", "context":Received 250 update(s). cV=Hh44xngpuWm6CkjW5hsPle.0;server=akswtt11200000m;cloudType=Consumer;environment=Prod_japanwest_prod-s01-066-apac-japanwest;migrationStage=NotStarted Some updates remain.}
{"logTime": "0414/041924", "correlationVector":"HxsOY1PpPbiQUCGOalTmit","action":"Initial GetUpdates", "result":"", "context":Reason: NEWLY_SUPPORTED_DATATYPE. cV=HxsOY1PpPbiQUCGOalTmit}
{"logTime": "0414/041925", "correlationVector":"HxsOY1PpPbiQUCGOalTmit.1","action":"SyncServerConnectionManagerRequest", "result":"SYNC_SERVER_OK", "context":{"environment":"Prod_japanwest_prod-s01-066-apac-japanwest", "migrationStage":"NotStarted", "server":"akswtt11200000f"}}
{"logTime": "0414/041925", "correlationVector":"HxsOY1PpPbiQUCGOalTmit.2","action":"ProcessGetUpdates", "result":"Done", "context":{"dataType":"History", "deleted":"0", "process_failed_to_decrypt":"0", "process_pending_decryption":"0", "process_success":"250", "total":"250"}}
{"logTime": "0414/041925", "correlationVector":"HxsOY1PpPbiQUCGOalTmit.3","action":"GetUpdates Response", "result":"Success", "context":Received 250 update(s). cV=HxsOY1PpPbiQUCGOalTmit.0;server=akswtt11200000f;cloudType=Consumer;environment=Prod_japanwest_prod-s01-066-apac-japanwest;migrationStage=NotStarted Some updates remain.}
{"logTime": "0414/041925", "correlationVector":"4Bh9aiIoXgnuAqR1zUX0Uu","action":"Initial GetUpdates", "result":"", "context":Reason: NEWLY_SUPPORTED_DATATYPE. cV=4Bh9aiIoXgnuAqR1zUX0Uu}
{"logTime": "0414/041927", "correlationVector":"4Bh9aiIoXgnuAqR1zUX0Uu.1","action":"SyncServerConnectionManagerRequest", "result":"SYNC_SERVER_OK", "context":{"environment":"Prod_japanwest_prod-s01-066-apac-japanwest", "migrationStage":"NotStarted", "server":"akswtt112000008"}}
{"logTime": "0414/041927", "correlationVector":"4Bh9aiIoXgnuAqR1zUX0Uu.2","action":"ProcessGetUpdates", "result":"Done", "context":{"dataType":"History", "deleted":"0", "process_failed_to_decrypt":"0", "process_pending_decryption":"0", "process_success":"250", "total":"250"}}
{"logTime": "0414/041927", "correlationVector":"4Bh9aiIoXgnuAqR1zUX0Uu.3","action":"GetUpdates Response", "result":"Success", "context":Received 250 update(s). cV=4Bh9aiIoXgnuAqR1zUX0Uu.0;server=akswtt112000008;cloudType=Consumer;environment=Prod_japanwest_prod-s01-066-apac-japanwest;migrationStage=NotStarted Some updates remain.}
{"logTime": "0414/041927", "correlationVector":"Fu6TQx33Mw2X/uywfWXBzt","action":"Initial GetUpdates", "result":"", "context":Reason: NEWLY_SUPPORTED_DATATYPE. cV=Fu6TQx33Mw2X/uywfWXBzt}
{"logTime": "0414/041928", "correlationVector":"Fu6TQx33Mw2X/uywfWXBzt.1","action":"SyncServerConnectionManagerRequest", "result":"SYNC_SERVER_OK", "context":{"environment":"Prod_japanwest_prod-s01-066-apac-japanwest", "migrationStage":"NotStarted", "server":"akswtt11200000m"}}
{"logTime": "0414/041928", "correlationVector":"Fu6TQx33Mw2X/uywfWXBzt.2","action":"ProcessGetUpdates", "result":"Done", "context":{"dataType":"History", "deleted":"0", "process_failed_to_decrypt":"0", "process_pending_decryption":"0", "process_success":"250", "total":"250"}}
{"logTime": "0414/041928", "correlationVector":"Fu6TQx33Mw2X/uywfWXBzt.3","action":"GetUpdates Response", "result":"Success", "context":Received 250 update(s). cV=Fu6TQx33Mw2X/uywfWXBzt.0;server=akswtt11200000m;cloudType=Consumer;environment=Prod_japanwest_prod-s01-066-apac-japanwest;migrationStage=NotStarted Some updates remain.}
{"logTime": "0414/041928", "correlationVector":"hRHSNMRzqoiD+xFpiwCZvU","action":"Initial GetUpdates", "result":"", "context":Reason: NEWLY_SUPPORTED_DATATYPE. cV=hRHSNMRzqoiD+xFpiwCZvU}
{"logTime": "0414/041946", "correlationVector":"hRHSNMRzqoiD+xFpiwCZvU.1","action":"SyncServerConnectionManagerRequest", "result":"SYNC_SERVER_OK", "context":{"environment":"Prod_japanwest_prod-s01-066-apac-japanwest", "migrationStage":"NotStarted", "server":"akswtt11200000t"}}
{"logTime": "0414/041946", "correlationVector":"hRHSNMRzqoiD+xFpiwCZvU.2","action":"ProcessGetUpdates", "result":"Done", "context":{"dataType":"History", "deleted":"0", "process_failed_to_decrypt":"0", "process_pending_decryption":"0", "process_success":"250", "total":"250"}}
{"logTime": "0414/041946", "correlationVector":"hRHSNMRzqoiD+xFpiwCZvU.3","action":"GetUpdates Response", "result":"Success", "context":Received 250 update(s). cV=hRHSNMRzqoiD+xFpiwCZvU.0;server=akswtt11200000t;cloudType=Consumer;environment=Prod_japanwest_prod-s01-066-apac-japanwest;migrationStage=NotStarted Some updates remain.}
{"logTime": "0414/041946", "correlationVector":"m25xNLHb72/VC9c7486/sY","action":"Initial GetUpdates", "result":"", "context":Reason: NEWLY_SUPPORTED_DATATYPE. cV=m25xNLHb72/VC9c7486/sY}
{"logTime": "0414/041946", "correlationVector":"m25xNLHb72/VC9c7486/sY.1","action":"SyncServerConnectionManagerRequest", "result":"SYNC_SERVER_OK", "context":{"environment":"Prod_japanwest_prod-s01-066-apac-japanwest", "migrationStage":"NotStarted", "server":"akswtt112000009"}}
{"logTime": "0414/041946", "correlationVector":"m25xNLHb72/VC9c7486/sY.2","action":"ProcessGetUpdates", "result":"Done", "context":{"dataType":"History", "deleted":"0", "process_failed_to_decrypt":"0", "process_pending_decryption":"0", "process_success":"87", "total":"87"}}
{"logTime": "0414/041946", "correlationVector":"m25xNLHb72/VC9c7486/sY.3","action":"GetUpdates Response", "result":"Success", "context":Received 87 update(s). cV=m25xNLHb72/VC9c7486/sY.0;server=akswtt112000009;cloudType=Consumer;environment=Prod_japanwest_prod-s01-066-apac-japanwest;migrationStage=NotStarted}
{"logTime": "0414/041946", "correlationVector":"9iAyXYAAKKjTrEXQoUq4vC","action":"Normal GetUpdate request", "result":"", "context":cV=9iAyXYAAKKjTrEXQoUq4vC
Nudged types: Bookmarks, Preferences, Passwords, Sessions, Device Info
Refresh requested types: Bookmarks, Preferences, Passwords, Autofill Profiles, Autofill, Extensions, Sessions, Extension settings, History Delete Directives, Device Info, User Consents, Send Tab To Self, Web Apps, History, Saved Tab Group, WebAuthn Credentials, Collection, Edge E Drop, Edge Hub App Usage, Edge Wallet, Edge Workspace, Encryption Keys}
{"logTime": "0414/041947", "correlationVector":"9iAyXYAAKKjTrEXQoUq4vC.1","action":"SyncServerConnectionManagerRequest", "result":"SYNC_SERVER_OK", "context":{"environment":"Prod_japanwest_prod-s01-066-apac-japanwest", "migrationStage":"NotStarted", "server":"akswtt11200000b"}}
{"logTime": "0414/041947", "correlationVector":"9iAyXYAAKKjTrEXQoUq4vC.2","action":"GetUpdates Response", "result":"Success", "context":Received 0 update(s). cV=9iAyXYAAKKjTrEXQoUq4vC.0;server=akswtt11200000b;cloudType=Consumer;environment=Prod_japanwest_prod-s01-066-apac-japanwest;migrationStage=NotStarted}
{"logTime": "0414/041947", "correlationVector":"ldS5PiEe0j24fF2J6gRpUZ","action":"Commit Request", "result":"", "context":Item count: 40
Contributing types: Passwords}
{"logTime": "0414/041958", "correlationVector":"ldS5PiEe0j24fF2J6gRpUZ.1","action":"SyncServerConnectionManagerRequest", "result":"SYNC_SERVER_OK", "context":{"environment":"Prod_japanwest_prod-s01-066-apac-japanwest", "migrationStage":"NotStarted", "server":"akswtt112000006"}}
{"logTime": "0414/041958", "correlationVector":"ldS5PiEe0j24fF2J6gRpUZ.2","action":"Commit Response", "result":"Success", "context":Result: Success. cV=ldS5PiEe0j24fF2J6gRpUZ.0;server=akswtt112000006;cloudType=Consumer;environment=Prod_japanwest_prod-s01-066-apac-japanwest;migrationStage=NotStarted}
{"logTime": "0414/041958", "correlationVector":"MEtVQx9zfbIYL/gnl23mXg","action":"Commit Request", "result":"", "context":Item count: 40
Contributing types: Passwords}
{"logTime": "0414/042008", "correlationVector":"MEtVQx9zfbIYL/gnl23mXg.1","action":"SyncServerConnectionManagerRequest", "result":"SYNC_SERVER_OK", "context":{"environment":"Prod_japanwest_prod-s01-066-apac-japanwest", "migrationStage":"NotStarted", "server":"akswtt11200000o"}}
{"logTime": "0414/042008", "correlationVector":"MEtVQx9zfbIYL/gnl23mXg.2","action":"Commit Response", "result":"Success", "context":Result: Success. cV=MEtVQx9zfbIYL/gnl23mXg.0;server=akswtt11200000o;cloudType=Consumer;environment=Prod_japanwest_prod-s01-066-apac-japanwest;migrationStage=NotStarted}
{"logTime": "0414/042008", "correlationVector":"4pJXELSUMgghYREGytLIEF","action":"Commit Request", "result":"", "context":Item count: 40
Contributing types: Passwords}
{"logTime": "0414/042036", "correlationVector":"4pJXELSUMgghYREGytLIEF.1","action":"SyncServerConnectionManagerRequest", "result":"SYNC_SERVER_OK", "context":{"environment":"Prod_japanwest_prod-s01-066-apac-japanwest", "migrationStage":"NotStarted", "server":"akswtt11200000t"}}
{"logTime": "0414/042036", "correlationVector":"4pJXELSUMgghYREGytLIEF.2","action":"Commit Response", "result":"Success", "context":Result: Success. cV=4pJXELSUMgghYREGytLIEF.0;server=akswtt11200000t;cloudType=Consumer;environment=Prod_japanwest_prod-s01-066-apac-japanwest;migrationStage=NotStarted}
{"logTime": "0414/042036", "correlationVector":"TBEaaMrTqa2DX+ILQ8V6zr","action":"Commit Request", "result":"", "context":Item count: 40
Contributing types: Passwords}
{"logTime": "0414/042050", "correlationVector":"TBEaaMrTqa2DX+ILQ8V6zr.1","action":"SyncServerConnectionManagerRequest", "result":"SYNC_SERVER_OK", "context":{"environment":"Prod_japanwest_prod-s01-066-apac-japanwest", "migrationStage":"NotStarted", "server":"akswtt11200000t"}}
{"logTime": "0414/042050", "correlationVector":"TBEaaMrTqa2DX+ILQ8V6zr.2","action":"Commit Response", "result":"Success", "context":Result: Success. cV=TBEaaMrTqa2DX+ILQ8V6zr.0;server=akswtt11200000t;cloudType=Consumer;environment=Prod_japanwest_prod-s01-066-apac-japanwest;migrationStage=NotStarted}
{"logTime": "0414/042050", "correlationVector":"exPHpcH5cX+VhPB1/yCFu+","action":"Commit Request", "result":"", "context":Item count: 35
Contributing types: Bookmarks, Preferences, Passwords, Sessions, Device Info}
{"logTime": "0414/042059", "correlationVector":"exPHpcH5cX+VhPB1/yCFu+.1","action":"SyncServerConnectionManagerRequest", "result":"SYNC_SERVER_OK", "context":{"environment":"Prod_japanwest_prod-s01-066-apac-japanwest", "migrationStage":"NotStarted", "server":"akswtt11200000m"}}
{"logTime": "0414/042059", "correlationVector":"exPHpcH5cX+VhPB1/yCFu+.2","action":"Commit Response", "result":"Success", "context":Result: Success. cV=exPHpcH5cX+VhPB1/yCFu+.0;server=akswtt11200000m;cloudType=Consumer;environment=Prod_japanwest_prod-s01-066-apac-japanwest;migrationStage=NotStarted}
{"logTime": "0414/042059", "correlationVector":"0K4eLw8J9LEpg2zYc/0jjn","action":"Poll GetUpdate request", "result":"", "context":cV=0K4eLw8J9LEpg2zYc/0jjn}
{"logTime": "0414/042101", "correlationVector":"0K4eLw8J9LEpg2zYc/0jjn.1","action":"SyncServerConnectionManagerRequest", "result":"SYNC_SERVER_OK", "context":{"environment":"Prod_japanwest_prod-s01-066-apac-japanwest", "migrationStage":"NotStarted", "server":"akswtt112000006"}}
{"logTime": "0414/042101", "correlationVector":"0K4eLw8J9LEpg2zYc/0jjn.2","action":"ProcessGetUpdates", "result":"Done", "context":{"dataType":"Bookmarks", "deleted":"0", "process_failed_to_decrypt":"0", "process_pending_decryption":"0", "process_success":"1", "total":"1"}}
{"logTime": "0414/042101", "correlationVector":"0K4eLw8J9LEpg2zYc/0jjn.3","action":"ProcessGetUpdates", "result":"Done", "context":{"dataType":"Preferences", "deleted":"0", "process_failed_to_decrypt":"0", "process_pending_decryption":"0", "process_success":"1", "total":"1"}}
{"logTime": "0414/042101", "correlationVector":"0K4eLw8J9LEpg2zYc/0jjn.4","action":"ProcessGetUpdates", "result":"Done", "context":{"dataType":"Passwords", "deleted":"0", "process_failed_to_decrypt":"0", "process_pending_decryption":"0", "process_success":"190", "total":"190"}}
{"logTime": "0414/042101", "correlationVector":"0K4eLw8J9LEpg2zYc/0jjn.5","action":"ProcessGetUpdates", "result":"Done", "context":{"dataType":"Sessions", "deleted":"0", "process_failed_to_decrypt":"0", "process_pending_decryption":"0", "process_success":"2", "total":"2"}}
{"logTime": "0414/042101", "correlationVector":"0K4eLw8J9LEpg2zYc/0jjn.6","action":"ProcessGetUpdates", "result":"Done", "context":{"dataType":"Device Info", "deleted":"0", "process_failed_to_decrypt":"0", "process_pending_decryption":"0", "process_success":"1", "total":"1"}}
{"logTime": "0414/042101", "correlationVector":"0K4eLw8J9LEpg2zYc/0jjn.7","action":"GetUpdates Response", "result":"Success", "context":Received 195 update(s). cV=0K4eLw8J9LEpg2zYc/0jjn.0;server=akswtt112000006;cloudType=Consumer;environment=Prod_japanwest_prod-s01-066-apac-japanwest;migrationStage=NotStarted}
{"logTime": "0414/042101", "correlationVector":"oy5b0Sb3m7aGueXs3yhAsq","action":"DoCompareDataConsistency requsted types: ", "result":"Bookmarks, Preferences, Passwords, Extensions, Extension settings, History Delete Directives, Send Tab To Self, Web Apps, History, Saved Tab Group, WebAuthn Credentials, Collection, Edge E Drop, Edge Wallet, Edge Workspace, Encryption Keys"}
{"logTime": "0414/042101", "correlationVector":"oy5b0Sb3m7aGueXs3yhAsq.0","action":"CompareDataConsistency result: ", "result":"Compare result: Encryption Keys is consistent. local entities count is: 1 local entities hash is: CCv0bukSpnuwqLadDP1KR/W6Riw="}
{"logTime": "0414/042101", "correlationVector":"oy5b0Sb3m7aGueXs3yhAsq.1","action":"CompareDataConsistency result: ", "result":"Compare result: Bookmarks is consistent. local entities count is: 89 local entities hash is: jkiw/bYnAxzgshUtrsaKxxAb9hc="}
{"logTime": "0414/042101", "correlationVector":"oy5b0Sb3m7aGueXs3yhAsq.2","action":"CompareDataConsistency result: ", "result":"Compare result: Preferences is consistent. local entities count is: 114 local entities hash is: IoEbUY9+rJUt65hXoxHXRMYNyys="}
{"logTime": "0414/042101", "correlationVector":"oy5b0Sb3m7aGueXs3yhAsq.3","action":"CompareDataConsistency result: ", "result":"Compare result: Extensions is consistent. local entities count is: 18 local entities hash is: sVBYrePjq7wFB6TagCYhWcSREqM="}
{"logTime": "0414/042101", "correlationVector":"oy5b0Sb3m7aGueXs3yhAsq.4","action":"CompareDataConsistency result: ", "result":"Compare result: Extension settings is consistent. local entities count is: 27 local entities hash is: H5QpiTj8WWsJ5HXA6aQzgYjHO9E="}
{"logTime": "0414/042101", "correlationVector":"oy5b0Sb3m7aGueXs3yhAsq.5","action":"CompareDataConsistency result: ", "result":"Compare result: History Delete Directives is consistent. local entities count is: 0 local entities hash is: "}
{"logTime": "0414/042101", "correlationVector":"oy5b0Sb3m7aGueXs3yhAsq.6","action":"CompareDataConsistency result: ", "result":"Server did not send this Send Tab To Self local entities count is: 0 local entities hash is: "}
{"logTime": "0414/042101", "correlationVector":"oy5b0Sb3m7aGueXs3yhAsq.7","action":"CompareDataConsistency result: ", "result":"Compare result: Web Apps is consistent. local entities count is: 1 local entities hash is: m3BkQo2HGpbTV1o5Qhu9Q029Wd8="}
{"logTime": "0414/042101", "correlationVector":"oy5b0Sb3m7aGueXs3yhAsq.8","action":"CompareDataConsistency result: ", "result":"Server did not send this History local entities count is: 0 local entities hash is: "}
{"logTime": "0414/042101", "correlationVector":"oy5b0Sb3m7aGueXs3yhAsq.9","action":"CompareDataConsistency result: ", "result":"Compare result: Saved Tab Group is consistent. local entities count is: 0 local entities hash is: "}
{"logTime": "0414/042101", "correlationVector":"oy5b0Sb3m7aGueXs3yhAsq.10","action":"CompareDataConsistency result: ", "result":"Server did not send this WebAuthn Credentials local entities count is: 1 local entities hash is: DCqm3Hjx52JySLHX0aSs7BaVHOk="}
{"logTime": "0414/042101", "correlationVector":"oy5b0Sb3m7aGueXs3yhAsq.11","action":"CompareDataConsistency result: ", "result":"Compare result: Collection is consistent. local entities count is: 0 local entities hash is: "}
{"logTime": "0414/042101", "correlationVector":"oy5b0Sb3m7aGueXs3yhAsq.12","action":"CompareDataConsistency result: ", "result":"Compare result: Edge E Drop is consistent. local entities count is: 0 local entities hash is: "}
{"logTime": "0414/042101", "correlationVector":"oy5b0Sb3m7aGueXs3yhAsq.13","action":"CompareDataConsistency result: ", "result":"Compare result: Edge Wallet is consistent. local entities count is: 0 local entities hash is: "}
{"logTime": "0414/042101", "correlationVector":"oy5b0Sb3m7aGueXs3yhAsq.14","action":"CompareDataConsistency result: ", "result":"Server did not send this Edge Workspace local entities count is: 0 local entities hash is: "}
{"logTime": "0414/042101", "correlationVector":"oy5b0Sb3m7aGueXs3yhAsq.15","action":"CompareDataConsistency result: ", "result":"Compare result: Passwords is consistent. local entities count is: 228 local entities hash is: 7X2cpyfmE9/jZFPZ9oxul59GJGM="}
{"logTime": "0414/042101", "correlationVector":"","action":"DIAGNOSTIC_REQUEST|v1/diagnosticData/Diagnostic.SendCheckResult()|SUCCESS", "result":""}
