2026-04-13 14:31:21.370: [INFO][Sync] Reset engine, reason: 8
2026-04-13 14:31:21.370: [INFO][Sync] Stopped: Bookmarks
2026-04-13 14:31:21.370: [INFO][Sync] Stopped: Preferences
2026-04-13 14:31:21.370: [INFO][Sync] Stopped: Passwords
2026-04-13 14:31:21.370: [INFO][Sync] Stopped: Autofill Profiles
2026-04-13 14:31:21.370: [INFO][Sync] Stopped: Autofill
2026-04-13 14:31:21.370: [INFO][Sync] Stopped: Extensions
2026-04-13 14:31:21.370: [INFO][Sync] Stopped: Sessions
2026-04-13 14:31:21.370: [INFO][Sync] Stopped: Extension settings
2026-04-13 14:31:21.370: [INFO][Sync] Stopped: History Delete Directives
2026-04-13 14:31:21.370: [INFO][Sync] Stopped: Device Info
2026-04-13 14:31:21.370: [INFO][Sync] Stopped: User Consents
2026-04-13 14:31:21.370: [INFO][Sync] Stopped: Send Tab To Self
2026-04-13 14:31:21.370: [INFO][Sync] Stopped: Web Apps
2026-04-13 14:31:21.370: [INFO][Sync] Stopped: History
2026-04-13 14:31:21.370: [INFO][Sync] Stopped: Saved Tab Group
2026-04-13 14:31:21.370: [INFO][Sync] Stopped: WebAuthn Credentials
2026-04-13 14:31:21.370: [INFO][Sync] Stopped: Collection
2026-04-13 14:31:21.370: [INFO][Sync] Stopped: Edge E Drop
2026-04-13 14:31:21.370: [INFO][Sync] Stopped: Edge Hub App Usage
2026-04-13 14:31:21.370: [INFO][Sync] Stopped: Edge Wallet
2026-04-13 14:31:21.370: [INFO][Sync] Stopped: Edge Workspace
2026-04-13 14:31:21.370: [INFO][Sync] SyncState after authenticated was: NotSignedIn
2026-04-13 14:31:21.759: [INFO][Sync] Reset engine, reason: 8
2026-04-13 14:31:21.759: [INFO][Sync] Stopped: Bookmarks
2026-04-13 14:31:21.759: [INFO][Sync] Stopped: Preferences
2026-04-13 14:31:21.759: [INFO][Sync] Stopped: Passwords
2026-04-13 14:31:21.759: [INFO][Sync] Stopped: Autofill Profiles
2026-04-13 14:31:21.759: [INFO][Sync] Stopped: Autofill
2026-04-13 14:31:21.759: [INFO][Sync] Stopped: Extensions
2026-04-13 14:31:21.759: [INFO][Sync] Stopped: Sessions
2026-04-13 14:31:21.759: [INFO][Sync] Stopped: Extension settings
2026-04-13 14:31:21.759: [INFO][Sync] Stopped: History Delete Directives
2026-04-13 14:31:21.759: [INFO][Sync] Stopped: Device Info
2026-04-13 14:31:21.759: [INFO][Sync] Stopped: User Consents
2026-04-13 14:31:21.759: [INFO][Sync] Stopped: Send Tab To Self
2026-04-13 14:31:21.759: [INFO][Sync] Stopped: Web Apps
2026-04-13 14:31:21.759: [INFO][Sync] Stopped: History
2026-04-13 14:31:21.759: [INFO][Sync] Stopped: Saved Tab Group
2026-04-13 14:31:21.759: [INFO][Sync] Stopped: WebAuthn Credentials
2026-04-13 14:31:21.759: [INFO][Sync] Stopped: Collection
2026-04-13 14:31:21.759: [INFO][Sync] Stopped: Edge E Drop
2026-04-13 14:31:21.759: [INFO][Sync] Stopped: Edge Hub App Usage
2026-04-13 14:31:21.759: [INFO][Sync] Stopped: Edge Wallet
2026-04-13 14:31:21.759: [INFO][Sync] Stopped: Edge Workspace
2026-04-13 14:31:24.091: [INFO][Sync] Try to start sync engine
2026-04-13 14:31:24.095: [INFO][SyncManagerImpl::NudgeForInitialDownload] Initial download nudge for Encryption Keys
2026-04-13 14:31:24.095: [INFO][SyncEngineBackend::LoadAndConnectNigoriController] Load and connect Nigori controller
2026-04-13 14:31:24.095: [INFO][SyncEngineBackend::DoInitialize] Control Types added: Encryption Keys
2026-04-13 14:31:24.095: [INFO][SyncManagerImpl::ConfigureSyncer] Types to download: Encryption Keys with reason: 3
2026-04-13 14:31:24.095: [INFO][SyncSchedulerImpl::DoConfigurationSyncCycleJob] Configure job was blocked
2026-04-13 14:31:24.193: [INFO][SyncAuthManager::SetLastAuthError] Current auth error: None
2026-04-13 14:31:24.193: [INFO][SyncAuthManager::EdgeLogTokenErrorState] Token error with: None for account type: MSA
2026-04-13 14:31:24.193: [INFO][Sync] Credentials changed for: EdgeSyncScopeNew
2026-04-13 14:31:25.616: [INFO][SyncAuthManager::SetLastAuthError] Current auth error: None
2026-04-13 14:31:25.616: [INFO][SyncAuthManager::EdgeLogTokenErrorState] Token error with: None for account type: MSA
2026-04-13 14:31:25.616: [INFO][Sync] Credentials changed for: EdgeSyncKeyDataScope
2026-04-13 14:31:25.616: [INFO][SyncEngineBackend::DoUpdateKeyDataCredentials] Update key data credentials
2026-04-13 14:31:25.616: [INFO][SyncEngineBackend::DoUpdateCredentials] Update credentials
2026-04-13 14:31:25.616: [INFO][SyncSchedulerImpl::DoConfigurationSyncCycleJob] Blocked types:  and types to download: Encryption Keys
2026-04-13 14:31:26.946: [INFO][Sync] Started DataTypeManager configuration, reason: 4
2026-04-13 14:31:26.946: [INFO][Sync] Configuring for: Bookmarks, Preferences, Passwords, Autofill Profiles, Autofill, Extensions, Sessions, Extension settings, History Delete Directives, Device Info, User Consents, Send Tab To Self, Web Apps, History, Saved Tab Group, WebAuthn Credentials, Collection, Edge E Drop, Edge Hub App Usage, Edge Wallet, Edge Workspace, Encryption Keys, reason: 3, current state: 0
2026-04-13 14:31:26.946: [WARN][Sync] Crypto error data types: Passwords, Autofill Profiles, Autofill
2026-04-13 14:31:26.947: [INFO][Sync] Configure, desired: Bookmarks, Preferences, Extensions, Sessions, Extension settings, History Delete Directives, Device Info, User Consents, Send Tab To Self, Web Apps, History, Saved Tab Group, WebAuthn Credentials, Collection, Edge E Drop, Edge Hub App Usage, Edge Wallet, Edge Workspace, Encryption Keys; Allow fail: Passwords, Autofill Profiles, Autofill
2026-04-13 14:31:26.948: [INFO][Sync] Loading: Bookmarks
2026-04-13 14:31:26.948: [INFO][Sync] Loading: Preferences
2026-04-13 14:31:26.948: [INFO][Sync] Loading: Extensions
2026-04-13 14:31:26.948: [INFO][Sync] Loading: Sessions
2026-04-13 14:31:26.948: [INFO][Sync] Loading: Extension settings
2026-04-13 14:31:26.948: [INFO][Sync] Loading: History Delete Directives
2026-04-13 14:31:26.948: [INFO][Sync] Loading: Device Info
2026-04-13 14:31:26.948: [INFO][Sync] Loading: User Consents
2026-04-13 14:31:26.948: [INFO][Sync] Loading: Send Tab To Self
2026-04-13 14:31:26.948: [INFO][Sync] Loading: Web Apps
2026-04-13 14:31:26.948: [INFO][Sync] Loading: History
2026-04-13 14:31:26.948: [INFO][Sync] Loading: Saved Tab Group
2026-04-13 14:31:26.948: [INFO][Sync] Loading: WebAuthn Credentials
2026-04-13 14:31:26.948: [INFO][Sync] Loading: Collection
2026-04-13 14:31:26.948: [INFO][Sync] Loading: Edge E Drop
2026-04-13 14:31:26.948: [INFO][Sync] Loading: Edge Hub App Usage
2026-04-13 14:31:26.948: [INFO][Sync] Loading: Edge Wallet
2026-04-13 14:31:26.948: [INFO][Sync] Loading: Edge Workspace
2026-04-13 14:31:26.951: [INFO][Sync] All data types are ready for configure.
2026-04-13 14:31:27.332: [INFO][Sync] Started DataTypeManager configuration, reason: 5
2026-04-13 14:31:27.332: [INFO][Sync] Configuring for: Bookmarks, Preferences, Passwords, Autofill Profiles, Autofill, Extensions, Sessions, Extension settings, History Delete Directives, Device Info, User Consents, Send Tab To Self, Web Apps, History, Saved Tab Group, WebAuthn Credentials, Collection, Edge E Drop, Edge Hub App Usage, Edge Wallet, Edge Workspace, Encryption Keys, reason: 5, current state: 1
2026-04-13 14:31:27.346: [INFO][SyncEngineBackend::DoStartConfiguration] Start configuration
2026-04-13 14:31:27.346: [INFO][SyncManagerImpl::NudgeForInitialDownload] Initial download nudge for Bookmarks
2026-04-13 14:31:27.346: [INFO][SyncManagerImpl::NudgeForInitialDownload] Initial download nudge for Preferences
2026-04-13 14:31:27.346: [INFO][SyncManagerImpl::NudgeForInitialDownload] Initial download nudge for Extensions
2026-04-13 14:31:27.346: [INFO][SyncManagerImpl::NudgeForInitialDownload] Initial download nudge for Sessions
2026-04-13 14:31:27.346: [INFO][SyncManagerImpl::NudgeForInitialDownload] Initial download nudge for Extension settings
2026-04-13 14:31:27.346: [INFO][SyncManagerImpl::NudgeForInitialDownload] Initial download nudge for History Delete Directives
2026-04-13 14:31:27.346: [INFO][SyncManagerImpl::NudgeForInitialDownload] Initial download nudge for Device Info
2026-04-13 14:31:27.346: [INFO][SyncManagerImpl::NudgeForInitialDownload] Initial download nudge for Send Tab To Self
2026-04-13 14:31:27.346: [INFO][SyncManagerImpl::NudgeForInitialDownload] Initial download nudge for Web Apps
2026-04-13 14:31:27.346: [INFO][SyncManagerImpl::NudgeForInitialDownload] Initial download nudge for History
2026-04-13 14:31:27.346: [INFO][SyncManagerImpl::NudgeForInitialDownload] Initial download nudge for Saved Tab Group
2026-04-13 14:31:27.346: [INFO][SyncManagerImpl::NudgeForInitialDownload] Initial download nudge for WebAuthn Credentials
2026-04-13 14:31:27.346: [INFO][SyncManagerImpl::NudgeForInitialDownload] Initial download nudge for Collection
2026-04-13 14:31:27.346: [INFO][SyncManagerImpl::NudgeForInitialDownload] Initial download nudge for Edge E Drop
2026-04-13 14:31:27.346: [INFO][SyncManagerImpl::NudgeForInitialDownload] Initial download nudge for Edge Hub App Usage
2026-04-13 14:31:27.346: [INFO][SyncManagerImpl::NudgeForInitialDownload] Initial download nudge for Edge Wallet
2026-04-13 14:31:27.346: [INFO][SyncManagerImpl::NudgeForInitialDownload] Initial download nudge for Edge Workspace
2026-04-13 14:31:27.346: [INFO][SyncManagerImpl::ConfigureSyncer] Types to download:  with reason: 3
2026-04-13 14:31:27.346: [INFO][SyncEngineBackend::DoFinishConfigureDataTypes] Failed to download types:  and succeeded types: 
2026-04-13 14:31:27.346: [INFO][Sync] ConfigurationDone, failed: , succeeded: , remaining count: 4
2026-04-13 14:31:27.346: [WARN][Sync]     Reconfigure requested while configuration ongoing.
2026-04-13 14:31:27.346: [INFO][Sync] Configuring for: Bookmarks, Preferences, Passwords, Autofill Profiles, Autofill, Extensions, Sessions, Extension settings, History Delete Directives, Device Info, User Consents, Send Tab To Self, Web Apps, History, Saved Tab Group, WebAuthn Credentials, Collection, Edge E Drop, Edge Hub App Usage, Edge Wallet, Edge Workspace, Encryption Keys, reason: 5, current state: 2
2026-04-13 14:31:27.346: [INFO][Sync] Configure, desired: Bookmarks, Preferences, Passwords, Autofill Profiles, Autofill, Extensions, Sessions, Extension settings, History Delete Directives, Device Info, User Consents, Send Tab To Self, Web Apps, History, Saved Tab Group, WebAuthn Credentials, Collection, Edge E Drop, Edge Hub App Usage, Edge Wallet, Edge Workspace, Encryption Keys; Allow fail: 
2026-04-13 14:31:27.346: [INFO][Sync] Loading: Passwords
2026-04-13 14:31:27.346: [INFO][Sync] Loading: Autofill Profiles
2026-04-13 14:31:27.346: [INFO][Sync] Loading: Autofill
2026-04-13 14:31:27.346: [INFO][Sync] All data types are ready for configure.
2026-04-13 14:31:27.346: [INFO][SyncManagerImpl::NudgeForInitialDownload] Initial download nudge for Passwords
2026-04-13 14:31:27.346: [INFO][SyncManagerImpl::NudgeForInitialDownload] Initial download nudge for Autofill Profiles
2026-04-13 14:31:27.346: [INFO][SyncManagerImpl::NudgeForInitialDownload] Initial download nudge for Autofill
2026-04-13 14:31:27.346: [INFO][SyncManagerImpl::ConfigureSyncer] Types to download:  with reason: 5
2026-04-13 14:31:27.346: [INFO][SyncEngineBackend::DoFinishConfigureDataTypes] Failed to download types:  and succeeded types: 
2026-04-13 14:31:27.346: [INFO][Sync] ConfigurationDone, failed: , succeeded: , remaining count: 4
2026-04-13 14:31:27.346: [INFO][Sync] Prepare to configure types: Preferences, Passwords, Device Info, Send Tab To Self, Edge E Drop, Encryption Keys
2026-04-13 14:31:27.346: [INFO][SyncManagerImpl::ConfigureSyncer] Types to download: Preferences, Passwords, Device Info, Send Tab To Self, Edge E Drop, Encryption Keys with reason: 5
2026-04-13 14:31:27.347: [INFO][SyncSchedulerImpl::DoConfigurationSyncCycleJob] Blocked types:  and types to download: Preferences, Passwords, Device Info, Send Tab To Self, Edge E Drop, Encryption Keys
2026-04-13 14:31:30.956: [INFO][SyncEngineBackend::DoFinishConfigureDataTypes] Failed to download types:  and succeeded types: Preferences, Passwords, Device Info, Send Tab To Self, Edge E Drop, Encryption Keys
2026-04-13 14:31:30.977: [INFO][Sync] ConfigurationDone, failed: , succeeded: Preferences, Passwords, Device Info, Send Tab To Self, Edge E Drop, Encryption Keys, remaining count: 3
2026-04-13 14:31:30.977: [INFO][Sync] Prepare to configure types: Bookmarks, Encryption Keys
2026-04-13 14:31:30.984: [INFO][SyncManagerImpl::ConfigureSyncer] Types to download: Bookmarks, Encryption Keys with reason: 5
2026-04-13 14:31:30.984: [INFO][SyncSchedulerImpl::DoConfigurationSyncCycleJob] Blocked types:  and types to download: Bookmarks, Encryption Keys
2026-04-13 14:31:31.479: [INFO][SyncEngineBackend::DoFinishConfigureDataTypes] Failed to download types:  and succeeded types: Bookmarks, Encryption Keys
2026-04-13 14:31:31.550: [INFO][Sync] ConfigurationDone, failed: , succeeded: Bookmarks, Encryption Keys, remaining count: 2
2026-04-13 14:31:31.550: [INFO][Sync] Prepare to configure types: Autofill Profiles, Autofill, Extensions, Sessions, Extension settings, History Delete Directives, Web Apps, Saved Tab Group, WebAuthn Credentials, Collection, Edge Hub App Usage, Edge Wallet, Edge Workspace, Encryption Keys
2026-04-13 14:31:31.550: [INFO][SyncManagerImpl::ConfigureSyncer] Types to download: Autofill Profiles, Autofill, Extensions, Sessions, Extension settings, History Delete Directives, Web Apps, Saved Tab Group, WebAuthn Credentials, Collection, Edge Hub App Usage, Edge Wallet, Edge Workspace, Encryption Keys with reason: 5
2026-04-13 14:31:31.550: [INFO][SyncSchedulerImpl::DoConfigurationSyncCycleJob] Blocked types:  and types to download: Autofill Profiles, Autofill, Extensions, Sessions, Extension settings, History Delete Directives, Web Apps, Saved Tab Group, WebAuthn Credentials, Collection, Edge Hub App Usage, Edge Wallet, Edge Workspace, Encryption Keys
2026-04-13 14:31:37.866: [INFO][SyncEngineBackend::DoFinishConfigureDataTypes] Failed to download types:  and succeeded types: Autofill Profiles, Autofill, Extensions, Sessions, Extension settings, History Delete Directives, Web Apps, Saved Tab Group, WebAuthn Credentials, Collection, Edge Hub App Usage, Edge Wallet, Edge Workspace, Encryption Keys
2026-04-13 14:31:37.868: [INFO][Sync] ConfigurationDone, failed: , succeeded: Autofill Profiles, Autofill, Extensions, Sessions, Extension settings, History Delete Directives, Web Apps, Saved Tab Group, WebAuthn Credentials, Collection, Edge Hub App Usage, Edge Wallet, Edge Workspace, Encryption Keys, remaining count: 1
2026-04-13 14:31:37.869: [INFO][Sync] Prepare to configure types: History, Encryption Keys
2026-04-13 14:31:37.869: [INFO][SyncManagerImpl::ConfigureSyncer] Types to download: History, Encryption Keys with reason: 5
2026-04-13 14:31:37.869: [INFO][SyncSchedulerImpl::DoConfigurationSyncCycleJob] Blocked types:  and types to download: History, Encryption Keys
2026-04-13 14:31:48.511: [INFO][SyncEngineBackend::DoFinishConfigureDataTypes] Failed to download types:  and succeeded types: History, Encryption Keys
2026-04-13 14:31:48.519: [INFO][Sync] ConfigurationDone, failed: , succeeded: History, Encryption Keys, remaining count: 0
2026-04-13 14:31:48.523: [INFO][Sync]     Configuration completed, state: 7
2026-04-13 14:31:48.523: [INFO][Sync] Configured DataTypeManager: Ok
2026-04-13 14:31:48.528: [INFO][SyncEngineBackend::DoStartSyncing] Start syncing
2026-04-13 14:32:35.822: [INFO][Sync] Connection status changed to: 3
2026-04-13 14:32:35.822: [INFO][SyncSchedulerImpl::OnSyncNetworkError] Syncer error: HTTP error (503)
2026-04-13 14:32:35.822: [INFO][Commit::ReportFullCommitFailure] Commit Passwords failed with error: ServerError
2026-04-13 14:32:35.823: [INFO][SyncSchedulerImpl::DoNudgeSyncCycleJob] Syncer error: HTTP error (503)
2026-04-13 14:32:35.830: [WARN][Sync] NetworkError: HTTP error (503)
2026-04-13 14:32:41.609: [INFO][Sync] Reset engine, reason: 0
2026-04-13 14:32:41.609: [INFO][Sync] Reset engine with reason: 0
2026-04-13 14:50:36.120: [INFO][Sync] SyncState after authenticated was: FeatureCanStart
2026-04-13 14:50:38.249: [INFO][SyncAuthManager::SetLastAuthError] Current auth error: None
2026-04-13 14:50:38.249: [INFO][SyncAuthManager::EdgeLogTokenErrorState] Token error with: None for account type: MSA
2026-04-13 14:50:38.249: [INFO][Sync] Credentials changed for: EdgeSyncKeyDataScope
2026-04-13 14:50:45.657: [INFO][Sync] Try to start sync engine
2026-04-13 14:50:45.660: [INFO][SyncManagerImpl::NudgeForInitialDownload] Initial download nudge for Encryption Keys
2026-04-13 14:50:45.660: [INFO][SyncEngineBackend::LoadAndConnectNigoriController] Load and connect Nigori controller
2026-04-13 14:50:45.660: [INFO][SyncEngineBackend::DoInitialize] Control Types added: Encryption Keys
2026-04-13 14:50:45.660: [INFO][SyncManagerImpl::ConfigureSyncer] Types to download: Encryption Keys with reason: 3
2026-04-13 14:50:45.660: [INFO][SyncEngineBackend::DoUpdateKeyDataCredentials] Update key data credentials
2026-04-13 14:50:45.660: [INFO][SyncSchedulerImpl::DoConfigurationSyncCycleJob] Configure job was blocked
2026-04-13 14:50:45.663: [INFO][SyncAuthManager::SetLastAuthError] Current auth error: None
2026-04-13 14:50:45.663: [INFO][SyncAuthManager::EdgeLogTokenErrorState] Token error with: None for account type: MSA
2026-04-13 14:50:45.663: [INFO][Sync] Credentials changed for: EdgeSyncScopeNew
2026-04-13 14:50:45.663: [INFO][SyncEngineBackend::DoUpdateCredentials] Update credentials
2026-04-13 14:50:45.663: [INFO][SyncSchedulerImpl::DoConfigurationSyncCycleJob] Blocked types:  and types to download: Encryption Keys
2026-04-13 14:50:47.192: [INFO][SyncEngineBackend::DoUpdateKeyDataCredentials] Update key data credentials
2026-04-13 14:50:47.202: [INFO][Sync] Started DataTypeManager configuration, reason: 4
2026-04-13 14:50:47.202: [INFO][Sync] Configuring for: Bookmarks, Preferences, Passwords, Autofill Profiles, Autofill, Extensions, Sessions, Extension settings, History Delete Directives, Device Info, User Consents, Send Tab To Self, Web Apps, History, Saved Tab Group, WebAuthn Credentials, Collection, Edge E Drop, Edge Hub App Usage, Edge Wallet, Edge Workspace, Encryption Keys, reason: 4, current state: 0
2026-04-13 14:50:47.202: [WARN][Sync] Crypto error data types: Passwords, Autofill Profiles, Autofill
2026-04-13 14:50:47.205: [INFO][Sync] Configure, desired: Bookmarks, Preferences, Extensions, Sessions, Extension settings, History Delete Directives, Device Info, User Consents, Send Tab To Self, Web Apps, History, Saved Tab Group, WebAuthn Credentials, Collection, Edge E Drop, Edge Hub App Usage, Edge Wallet, Edge Workspace, Encryption Keys; Allow fail: Passwords, Autofill Profiles, Autofill
2026-04-13 14:50:47.205: [INFO][Sync] Loading: Bookmarks
2026-04-13 14:50:47.205: [INFO][Sync] Loading: Preferences
2026-04-13 14:50:47.205: [INFO][Sync] Loading: Extensions
2026-04-13 14:50:47.205: [INFO][Sync] Loading: Sessions
2026-04-13 14:50:47.205: [INFO][Sync] Loading: Extension settings
2026-04-13 14:50:47.205: [INFO][Sync] Loading: History Delete Directives
2026-04-13 14:50:47.205: [INFO][Sync] Loading: Device Info
2026-04-13 14:50:47.205: [INFO][Sync] Loading: User Consents
2026-04-13 14:50:47.205: [INFO][Sync] Loading: Send Tab To Self
2026-04-13 14:50:47.205: [INFO][Sync] Loading: Web Apps
2026-04-13 14:50:47.205: [INFO][Sync] Loading: History
2026-04-13 14:50:47.205: [INFO][Sync] Loading: Saved Tab Group
2026-04-13 14:50:47.205: [INFO][Sync] Loading: WebAuthn Credentials
2026-04-13 14:50:47.205: [INFO][Sync] Loading: Collection
2026-04-13 14:50:47.205: [INFO][Sync] Loading: Edge E Drop
2026-04-13 14:50:47.205: [INFO][Sync] Loading: Edge Hub App Usage
2026-04-13 14:50:47.205: [INFO][Sync] Loading: Edge Wallet
2026-04-13 14:50:47.205: [INFO][Sync] Loading: Edge Workspace
2026-04-13 14:50:47.211: [INFO][Sync] All data types are ready for configure.
2026-04-13 14:50:48.078: [INFO][Sync] Started DataTypeManager configuration, reason: 5
2026-04-13 14:50:48.078: [INFO][Sync] Configuring for: Bookmarks, Preferences, Passwords, Autofill Profiles, Autofill, Extensions, Sessions, Extension settings, History Delete Directives, Device Info, User Consents, Send Tab To Self, Web Apps, History, Saved Tab Group, WebAuthn Credentials, Collection, Edge E Drop, Edge Hub App Usage, Edge Wallet, Edge Workspace, Encryption Keys, reason: 5, current state: 1
2026-04-13 14:50:48.088: [INFO][SyncEngineBackend::DoStartConfiguration] Start configuration
2026-04-13 14:50:48.088: [INFO][SyncManagerImpl::ConfigureSyncer] Types to download:  with reason: 4
2026-04-13 14:50:48.088: [INFO][SyncEngineBackend::DoFinishConfigureDataTypes] Failed to download types:  and succeeded types: 
2026-04-13 14:50:48.088: [INFO][Sync] ConfigurationDone, failed: , succeeded: , remaining count: 4
2026-04-13 14:50:48.088: [WARN][Sync]     Reconfigure requested while configuration ongoing.
2026-04-13 14:50:48.088: [INFO][Sync] Configuring for: Bookmarks, Preferences, Passwords, Autofill Profiles, Autofill, Extensions, Sessions, Extension settings, History Delete Directives, Device Info, User Consents, Send Tab To Self, Web Apps, History, Saved Tab Group, WebAuthn Credentials, Collection, Edge E Drop, Edge Hub App Usage, Edge Wallet, Edge Workspace, Encryption Keys, reason: 5, current state: 2
2026-04-13 14:50:48.088: [INFO][Sync] Configure, desired: Bookmarks, Preferences, Passwords, Autofill Profiles, Autofill, Extensions, Sessions, Extension settings, History Delete Directives, Device Info, User Consents, Send Tab To Self, Web Apps, History, Saved Tab Group, WebAuthn Credentials, Collection, Edge E Drop, Edge Hub App Usage, Edge Wallet, Edge Workspace, Encryption Keys; Allow fail: 
2026-04-13 14:50:48.088: [INFO][Sync] Loading: Passwords
2026-04-13 14:50:48.088: [INFO][Sync] Loading: Autofill Profiles
2026-04-13 14:50:48.088: [INFO][Sync] Loading: Autofill
2026-04-13 14:50:48.088: [INFO][Sync] All data types are ready for configure.
2026-04-13 14:50:48.088: [INFO][SyncManagerImpl::NudgeForInitialDownload] Initial download nudge for Passwords
2026-04-13 14:50:48.088: [INFO][SyncManagerImpl::ConfigureSyncer] Types to download:  with reason: 5
2026-04-13 14:50:48.088: [INFO][SyncEngineBackend::DoFinishConfigureDataTypes] Failed to download types:  and succeeded types: 
2026-04-13 14:50:48.088: [INFO][Sync] ConfigurationDone, failed: , succeeded: , remaining count: 4
2026-04-13 14:50:48.088: [INFO][Sync] Prepare to configure types: Passwords, Encryption Keys
2026-04-13 14:50:48.088: [INFO][SyncManagerImpl::ConfigureSyncer] Types to download: Passwords, Encryption Keys with reason: 5
2026-04-13 14:50:48.088: [INFO][SyncSchedulerImpl::DoConfigurationSyncCycleJob] Blocked types:  and types to download: Passwords, Encryption Keys
2026-04-13 14:50:49.543: [INFO][SyncEngineBackend::DoFinishConfigureDataTypes] Failed to download types:  and succeeded types: Passwords, Encryption Keys
2026-04-13 14:50:49.546: [INFO][Sync] ConfigurationDone, failed: , succeeded: Passwords, Encryption Keys, remaining count: 3
2026-04-13 14:50:49.546: [INFO][SyncManagerImpl::ConfigureSyncer] Types to download:  with reason: 5
2026-04-13 14:50:49.546: [INFO][SyncEngineBackend::DoFinishConfigureDataTypes] Failed to download types:  and succeeded types: 
2026-04-13 14:50:49.546: [INFO][Sync] ConfigurationDone, failed: , succeeded: , remaining count: 2
2026-04-13 14:50:49.547: [INFO][SyncManagerImpl::ConfigureSyncer] Types to download:  with reason: 5
2026-04-13 14:50:49.547: [INFO][SyncEngineBackend::DoFinishConfigureDataTypes] Failed to download types:  and succeeded types: 
2026-04-13 14:50:49.549: [INFO][Sync] ConfigurationDone, failed: , succeeded: , remaining count: 1
2026-04-13 14:50:49.553: [INFO][SyncManagerImpl::ConfigureSyncer] Types to download:  with reason: 5
2026-04-13 14:50:49.553: [INFO][SyncEngineBackend::DoFinishConfigureDataTypes] Failed to download types:  and succeeded types: 
2026-04-13 14:50:49.553: [INFO][Sync] ConfigurationDone, failed: , succeeded: , remaining count: 0
2026-04-13 14:50:49.557: [INFO][Sync]     Configuration completed, state: 7
2026-04-13 14:50:49.557: [INFO][Sync] Configured DataTypeManager: Ok
2026-04-13 14:50:49.561: [INFO][SyncEngineBackend::DoStartSyncing] Start syncing
2026-04-13 14:51:46.976: [INFO][Commit::PostAndProcessResponse] Process Passwords: Protocol error (TRANSIENT_ERROR)
2026-04-13 14:51:46.977: [INFO][SyncSchedulerImpl::DoNudgeSyncCycleJob] Syncer error: Protocol error (TRANSIENT_ERROR)
2026-04-13 14:57:18.361: [INFO][Sync] Reset engine, reason: 0
2026-04-13 14:57:18.361: [INFO][Sync] Reset engine with reason: 0
2026-04-14 04:18:57.165: [INFO][Sync] Reset engine, reason: 8
2026-04-14 04:18:57.165: [INFO][Sync] Stopped: Bookmarks
2026-04-14 04:18:57.165: [INFO][Sync] Stopped: Preferences
2026-04-14 04:18:57.165: [INFO][Sync] Stopped: Passwords
2026-04-14 04:18:57.165: [INFO][Sync] Stopped: Autofill Profiles
2026-04-14 04:18:57.165: [INFO][Sync] Stopped: Autofill
2026-04-14 04:18:57.165: [INFO][Sync] Stopped: Extensions
2026-04-14 04:18:57.165: [INFO][Sync] Stopped: Sessions
2026-04-14 04:18:57.165: [INFO][Sync] Stopped: Extension settings
2026-04-14 04:18:57.165: [INFO][Sync] Stopped: History Delete Directives
2026-04-14 04:18:57.165: [INFO][Sync] Stopped: Device Info
2026-04-14 04:18:57.165: [INFO][Sync] Stopped: User Consents
2026-04-14 04:18:57.165: [INFO][Sync] Stopped: Send Tab To Self
2026-04-14 04:18:57.165: [INFO][Sync] Stopped: Web Apps
2026-04-14 04:18:57.165: [INFO][Sync] Stopped: History
2026-04-14 04:18:57.165: [INFO][Sync] Stopped: Saved Tab Group
2026-04-14 04:18:57.165: [INFO][Sync] Stopped: WebAuthn Credentials
2026-04-14 04:18:57.165: [INFO][Sync] Stopped: Collection
2026-04-14 04:18:57.165: [INFO][Sync] Stopped: Edge E Drop
2026-04-14 04:18:57.165: [INFO][Sync] Stopped: Edge Hub App Usage
2026-04-14 04:18:57.165: [INFO][Sync] Stopped: Edge Wallet
2026-04-14 04:18:57.165: [INFO][Sync] Stopped: Edge Workspace
2026-04-14 04:18:57.165: [INFO][Sync] SyncState after authenticated was: NotSignedIn
2026-04-14 04:18:57.605: [INFO][Sync] Reset engine, reason: 8
2026-04-14 04:18:57.605: [INFO][Sync] Stopped: Bookmarks
2026-04-14 04:18:57.605: [INFO][Sync] Stopped: Preferences
2026-04-14 04:18:57.605: [INFO][Sync] Stopped: Passwords
2026-04-14 04:18:57.605: [INFO][Sync] Stopped: Autofill Profiles
2026-04-14 04:18:57.605: [INFO][Sync] Stopped: Autofill
2026-04-14 04:18:57.605: [INFO][Sync] Stopped: Extensions
2026-04-14 04:18:57.605: [INFO][Sync] Stopped: Sessions
2026-04-14 04:18:57.605: [INFO][Sync] Stopped: Extension settings
2026-04-14 04:18:57.605: [INFO][Sync] Stopped: History Delete Directives
2026-04-14 04:18:57.605: [INFO][Sync] Stopped: Device Info
2026-04-14 04:18:57.605: [INFO][Sync] Stopped: User Consents
2026-04-14 04:18:57.605: [INFO][Sync] Stopped: Send Tab To Self
2026-04-14 04:18:57.605: [INFO][Sync] Stopped: Web Apps
2026-04-14 04:18:57.605: [INFO][Sync] Stopped: History
2026-04-14 04:18:57.605: [INFO][Sync] Stopped: Saved Tab Group
2026-04-14 04:18:57.605: [INFO][Sync] Stopped: WebAuthn Credentials
2026-04-14 04:18:57.605: [INFO][Sync] Stopped: Collection
2026-04-14 04:18:57.605: [INFO][Sync] Stopped: Edge E Drop
2026-04-14 04:18:57.605: [INFO][Sync] Stopped: Edge Hub App Usage
2026-04-14 04:18:57.605: [INFO][Sync] Stopped: Edge Wallet
2026-04-14 04:18:57.605: [INFO][Sync] Stopped: Edge Workspace
2026-04-14 04:19:02.265: [INFO][Sync] Try to start sync engine
2026-04-14 04:19:02.270: [INFO][SyncManagerImpl::NudgeForInitialDownload] Initial download nudge for Encryption Keys
2026-04-14 04:19:02.270: [INFO][SyncEngineBackend::LoadAndConnectNigoriController] Load and connect Nigori controller
2026-04-14 04:19:02.270: [INFO][SyncEngineBackend::DoInitialize] Control Types added: Encryption Keys
2026-04-14 04:19:02.270: [INFO][SyncManagerImpl::ConfigureSyncer] Types to download: Encryption Keys with reason: 3
2026-04-14 04:19:02.271: [INFO][SyncSchedulerImpl::DoConfigurationSyncCycleJob] Configure job was blocked
2026-04-14 04:19:02.308: [INFO][SyncAuthManager::SetLastAuthError] Current auth error: None
2026-04-14 04:19:02.308: [INFO][SyncAuthManager::EdgeLogTokenErrorState] Token error with: None for account type: MSA
2026-04-14 04:19:02.308: [INFO][Sync] Credentials changed for: EdgeSyncScopeNew
2026-04-14 04:19:03.598: [INFO][SyncAuthManager::SetLastAuthError] Current auth error: None
2026-04-14 04:19:03.598: [INFO][SyncAuthManager::EdgeLogTokenErrorState] Token error with: None for account type: MSA
2026-04-14 04:19:03.598: [INFO][Sync] Credentials changed for: EdgeSyncKeyDataScope
2026-04-14 04:19:03.598: [INFO][SyncEngineBackend::DoUpdateKeyDataCredentials] Update key data credentials
2026-04-14 04:19:03.598: [INFO][SyncEngineBackend::DoUpdateCredentials] Update credentials
2026-04-14 04:19:03.598: [INFO][SyncSchedulerImpl::DoConfigurationSyncCycleJob] Blocked types:  and types to download: Encryption Keys
2026-04-14 04:19:05.036: [INFO][Sync] Started DataTypeManager configuration, reason: 4
2026-04-14 04:19:05.036: [INFO][Sync] Configuring for: Bookmarks, Preferences, Passwords, Autofill Profiles, Autofill, Extensions, Sessions, Extension settings, History Delete Directives, Device Info, User Consents, Send Tab To Self, Web Apps, History, Saved Tab Group, WebAuthn Credentials, Collection, Edge E Drop, Edge Hub App Usage, Edge Wallet, Edge Workspace, Encryption Keys, reason: 4, current state: 0
2026-04-14 04:19:05.036: [WARN][Sync] Crypto error data types: Passwords, Autofill Profiles, Autofill
2026-04-14 04:19:05.039: [INFO][Sync] Configure, desired: Bookmarks, Preferences, Extensions, Sessions, Extension settings, History Delete Directives, Device Info, User Consents, Send Tab To Self, Web Apps, History, Saved Tab Group, WebAuthn Credentials, Collection, Edge E Drop, Edge Hub App Usage, Edge Wallet, Edge Workspace, Encryption Keys; Allow fail: Passwords, Autofill Profiles, Autofill
2026-04-14 04:19:05.039: [INFO][Sync] Loading: Bookmarks
2026-04-14 04:19:05.039: [INFO][Sync] Loading: Preferences
2026-04-14 04:19:05.039: [INFO][Sync] Loading: Extensions
2026-04-14 04:19:05.039: [INFO][Sync] Loading: Sessions
2026-04-14 04:19:05.039: [INFO][Sync] Loading: Extension settings
2026-04-14 04:19:05.039: [INFO][Sync] Loading: History Delete Directives
2026-04-14 04:19:05.039: [INFO][Sync] Loading: Device Info
2026-04-14 04:19:05.039: [INFO][Sync] Loading: User Consents
2026-04-14 04:19:05.039: [INFO][Sync] Loading: Send Tab To Self
2026-04-14 04:19:05.039: [INFO][Sync] Loading: Web Apps
2026-04-14 04:19:05.039: [INFO][Sync] Loading: History
2026-04-14 04:19:05.039: [INFO][Sync] Loading: Saved Tab Group
2026-04-14 04:19:05.039: [INFO][Sync] Loading: WebAuthn Credentials
2026-04-14 04:19:05.039: [INFO][Sync] Loading: Collection
2026-04-14 04:19:05.039: [INFO][Sync] Loading: Edge E Drop
2026-04-14 04:19:05.039: [INFO][Sync] Loading: Edge Hub App Usage
2026-04-14 04:19:05.039: [INFO][Sync] Loading: Edge Wallet
2026-04-14 04:19:05.039: [INFO][Sync] Loading: Edge Workspace
2026-04-14 04:19:05.047: [INFO][Sync] All data types are ready for configure.
2026-04-14 04:19:05.563: [INFO][Sync] Started DataTypeManager configuration, reason: 5
2026-04-14 04:19:05.563: [INFO][Sync] Configuring for: Bookmarks, Preferences, Passwords, Autofill Profiles, Autofill, Extensions, Sessions, Extension settings, History Delete Directives, Device Info, User Consents, Send Tab To Self, Web Apps, History, Saved Tab Group, WebAuthn Credentials, Collection, Edge E Drop, Edge Hub App Usage, Edge Wallet, Edge Workspace, Encryption Keys, reason: 5, current state: 1
2026-04-14 04:19:05.578: [INFO][SyncEngineBackend::DoStartConfiguration] Start configuration
2026-04-14 04:19:05.578: [INFO][SyncManagerImpl::NudgeForInitialDownload] Initial download nudge for Bookmarks
2026-04-14 04:19:05.578: [INFO][SyncManagerImpl::NudgeForInitialDownload] Initial download nudge for Preferences
2026-04-14 04:19:05.578: [INFO][SyncManagerImpl::NudgeForInitialDownload] Initial download nudge for Extensions
2026-04-14 04:19:05.578: [INFO][SyncManagerImpl::NudgeForInitialDownload] Initial download nudge for Sessions
2026-04-14 04:19:05.578: [INFO][SyncManagerImpl::NudgeForInitialDownload] Initial download nudge for Extension settings
2026-04-14 04:19:05.578: [INFO][SyncManagerImpl::NudgeForInitialDownload] Initial download nudge for History Delete Directives
2026-04-14 04:19:05.578: [INFO][SyncManagerImpl::NudgeForInitialDownload] Initial download nudge for Device Info
2026-04-14 04:19:05.578: [INFO][SyncManagerImpl::NudgeForInitialDownload] Initial download nudge for Send Tab To Self
2026-04-14 04:19:05.578: [INFO][SyncManagerImpl::NudgeForInitialDownload] Initial download nudge for Web Apps
2026-04-14 04:19:05.578: [INFO][SyncManagerImpl::NudgeForInitialDownload] Initial download nudge for History
2026-04-14 04:19:05.578: [INFO][SyncManagerImpl::NudgeForInitialDownload] Initial download nudge for Saved Tab Group
2026-04-14 04:19:05.578: [INFO][SyncManagerImpl::NudgeForInitialDownload] Initial download nudge for WebAuthn Credentials
2026-04-14 04:19:05.578: [INFO][SyncManagerImpl::NudgeForInitialDownload] Initial download nudge for Collection
2026-04-14 04:19:05.578: [INFO][SyncManagerImpl::NudgeForInitialDownload] Initial download nudge for Edge E Drop
2026-04-14 04:19:05.578: [INFO][SyncManagerImpl::NudgeForInitialDownload] Initial download nudge for Edge Hub App Usage
2026-04-14 04:19:05.578: [INFO][SyncManagerImpl::NudgeForInitialDownload] Initial download nudge for Edge Wallet
2026-04-14 04:19:05.578: [INFO][SyncManagerImpl::NudgeForInitialDownload] Initial download nudge for Edge Workspace
2026-04-14 04:19:05.578: [INFO][SyncManagerImpl::ConfigureSyncer] Types to download:  with reason: 4
2026-04-14 04:19:05.578: [INFO][SyncEngineBackend::DoFinishConfigureDataTypes] Failed to download types:  and succeeded types: 
2026-04-14 04:19:05.579: [INFO][Sync] ConfigurationDone, failed: , succeeded: , remaining count: 4
2026-04-14 04:19:05.579: [WARN][Sync]     Reconfigure requested while configuration ongoing.
2026-04-14 04:19:05.579: [INFO][Sync] Configuring for: Bookmarks, Preferences, Passwords, Autofill Profiles, Autofill, Extensions, Sessions, Extension settings, History Delete Directives, Device Info, User Consents, Send Tab To Self, Web Apps, History, Saved Tab Group, WebAuthn Credentials, Collection, Edge E Drop, Edge Hub App Usage, Edge Wallet, Edge Workspace, Encryption Keys, reason: 5, current state: 2
2026-04-14 04:19:05.579: [INFO][Sync] Configure, desired: Bookmarks, Preferences, Passwords, Autofill Profiles, Autofill, Extensions, Sessions, Extension settings, History Delete Directives, Device Info, User Consents, Send Tab To Self, Web Apps, History, Saved Tab Group, WebAuthn Credentials, Collection, Edge E Drop, Edge Hub App Usage, Edge Wallet, Edge Workspace, Encryption Keys; Allow fail: 
2026-04-14 04:19:05.579: [INFO][Sync] Loading: Passwords
2026-04-14 04:19:05.579: [INFO][Sync] Loading: Autofill Profiles
2026-04-14 04:19:05.579: [INFO][Sync] Loading: Autofill
2026-04-14 04:19:05.580: [INFO][Sync] All data types are ready for configure.
2026-04-14 04:19:05.580: [INFO][SyncManagerImpl::NudgeForInitialDownload] Initial download nudge for Passwords
2026-04-14 04:19:05.580: [INFO][SyncManagerImpl::NudgeForInitialDownload] Initial download nudge for Autofill Profiles
2026-04-14 04:19:05.580: [INFO][SyncManagerImpl::NudgeForInitialDownload] Initial download nudge for Autofill
2026-04-14 04:19:05.580: [INFO][SyncManagerImpl::ConfigureSyncer] Types to download:  with reason: 5
2026-04-14 04:19:05.580: [INFO][SyncEngineBackend::DoFinishConfigureDataTypes] Failed to download types:  and succeeded types: 
2026-04-14 04:19:05.580: [INFO][Sync] ConfigurationDone, failed: , succeeded: , remaining count: 4
2026-04-14 04:19:05.580: [INFO][Sync] Prepare to configure types: Preferences, Passwords, Device Info, Send Tab To Self, Edge E Drop, Encryption Keys
2026-04-14 04:19:05.580: [INFO][SyncManagerImpl::ConfigureSyncer] Types to download: Preferences, Passwords, Device Info, Send Tab To Self, Edge E Drop, Encryption Keys with reason: 5
2026-04-14 04:19:05.580: [INFO][SyncSchedulerImpl::DoConfigurationSyncCycleJob] Blocked types:  and types to download: Preferences, Passwords, Device Info, Send Tab To Self, Edge E Drop, Encryption Keys
2026-04-14 04:19:08.195: [INFO][SyncEngineBackend::DoFinishConfigureDataTypes] Failed to download types:  and succeeded types: Preferences, Passwords, Device Info, Send Tab To Self, Edge E Drop, Encryption Keys
2026-04-14 04:19:08.199: [INFO][Sync] ConfigurationDone, failed: , succeeded: Preferences, Passwords, Device Info, Send Tab To Self, Edge E Drop, Encryption Keys, remaining count: 3
2026-04-14 04:19:08.199: [INFO][Sync] Prepare to configure types: Bookmarks, Encryption Keys
2026-04-14 04:19:08.199: [INFO][SyncManagerImpl::ConfigureSyncer] Types to download: Bookmarks, Encryption Keys with reason: 5
2026-04-14 04:19:08.199: [INFO][SyncSchedulerImpl::DoConfigurationSyncCycleJob] Blocked types:  and types to download: Bookmarks, Encryption Keys
2026-04-14 04:19:08.678: [INFO][SyncEngineBackend::DoFinishConfigureDataTypes] Failed to download types:  and succeeded types: Bookmarks, Encryption Keys
2026-04-14 04:19:08.681: [INFO][Sync] ConfigurationDone, failed: , succeeded: Bookmarks, Encryption Keys, remaining count: 2
2026-04-14 04:19:08.681: [INFO][Sync] Prepare to configure types: Autofill Profiles, Autofill, Extensions, Sessions, Extension settings, History Delete Directives, Web Apps, Saved Tab Group, WebAuthn Credentials, Collection, Edge Hub App Usage, Edge Wallet, Edge Workspace, Encryption Keys
2026-04-14 04:19:08.682: [INFO][SyncManagerImpl::ConfigureSyncer] Types to download: Autofill Profiles, Autofill, Extensions, Sessions, Extension settings, History Delete Directives, Web Apps, Saved Tab Group, WebAuthn Credentials, Collection, Edge Hub App Usage, Edge Wallet, Edge Workspace, Encryption Keys with reason: 5
2026-04-14 04:19:08.682: [INFO][SyncSchedulerImpl::DoConfigurationSyncCycleJob] Blocked types:  and types to download: Autofill Profiles, Autofill, Extensions, Sessions, Extension settings, History Delete Directives, Web Apps, Saved Tab Group, WebAuthn Credentials, Collection, Edge Hub App Usage, Edge Wallet, Edge Workspace, Encryption Keys
2026-04-14 04:19:17.990: [INFO][SyncEngineBackend::DoFinishConfigureDataTypes] Failed to download types:  and succeeded types: Autofill Profiles, Autofill, Extensions, Sessions, Extension settings, History Delete Directives, Web Apps, Saved Tab Group, WebAuthn Credentials, Collection, Edge Hub App Usage, Edge Wallet, Edge Workspace, Encryption Keys
2026-04-14 04:19:17.993: [INFO][Sync] ConfigurationDone, failed: , succeeded: Autofill Profiles, Autofill, Extensions, Sessions, Extension settings, History Delete Directives, Web Apps, Saved Tab Group, WebAuthn Credentials, Collection, Edge Hub App Usage, Edge Wallet, Edge Workspace, Encryption Keys, remaining count: 1
2026-04-14 04:19:17.997: [INFO][Sync] Prepare to configure types: History, Encryption Keys
2026-04-14 04:19:17.997: [INFO][SyncManagerImpl::ConfigureSyncer] Types to download: History, Encryption Keys with reason: 5
2026-04-14 04:19:17.997: [INFO][SyncSchedulerImpl::DoConfigurationSyncCycleJob] Blocked types:  and types to download: History, Encryption Keys
2026-04-14 04:19:46.953: [INFO][SyncEngineBackend::DoFinishConfigureDataTypes] Failed to download types:  and succeeded types: History, Encryption Keys
2026-04-14 04:19:46.956: [INFO][Sync] ConfigurationDone, failed: , succeeded: History, Encryption Keys, remaining count: 0
2026-04-14 04:19:46.960: [INFO][Sync]     Configuration completed, state: 7
2026-04-14 04:19:46.960: [INFO][Sync] Configured DataTypeManager: Ok
2026-04-14 04:19:46.964: [INFO][SyncEngineBackend::DoStartSyncing] Start syncing
2026-04-14 04:25:13.814: [INFO][Sync] Reset engine, reason: 0
2026-04-14 04:25:13.814: [INFO][Sync] Reset engine with reason: 0
